2023-11-18 10:03:39.807  INFO 19228 --- [main] c.s.docs.DocsIntegrationApplication      : Starting DocsIntegrationApplication using Java 19.0.1 on LP-TECH-8LFF with PID 19228 (C:\Users\dennis.rono\IdeaProjects\smart_projects\Doc Integration\edi-doc-integration-ug\target\classes started by Dennis.Rono in C:\Users\dennis.rono\IdeaProjects\smart_projects\Doc Integration\edi-doc-integration-ug)
2023-11-18 10:03:39.816  INFO 19228 --- [main] c.s.docs.DocsIntegrationApplication      : The following profiles are active: qa
2023-11-18 10:03:41.736  INFO 19228 --- [main] .s.d.r.c.RepositoryConfigurationDelegate : Bootstrapping Spring Data JPA repositories in DEFAULT mode.
2023-11-18 10:03:41.765  INFO 19228 --- [main] .s.d.r.c.RepositoryConfigurationDelegate : Finished Spring Data repository scanning in 13 ms. Found 0 JPA repository interfaces.
2023-11-18 10:03:44.074  INFO 19228 --- [main] o.s.b.w.embedded.tomcat.TomcatWebServer  : Tomcat initialized with port(s): 8401 (http)
2023-11-18 10:03:44.095  INFO 19228 --- [main] o.apache.catalina.core.StandardService   : Starting service [Tomcat]
2023-11-18 10:03:44.095  INFO 19228 --- [main] org.apache.catalina.core.StandardEngine  : Starting Servlet engine: [Apache Tomcat/9.0.39]
2023-11-18 10:03:45.146  INFO 19228 --- [main] o.a.c.c.C.[Tomcat].[localhost].[/]       : Initializing Spring embedded WebApplicationContext
2023-11-18 10:03:45.150  INFO 19228 --- [main] w.s.c.ServletWebServerApplicationContext : Root WebApplicationContext: initialization completed in 4753 ms
2023-11-18 10:03:45.865  INFO 19228 --- [main] o.hibernate.jpa.internal.util.LogHelper  : HHH000204: Processing PersistenceUnitInfo [name: docs]
2023-11-18 10:03:46.013  INFO 19228 --- [main] org.hibernate.Version                    : HHH000412: Hibernate ORM core version 5.4.23.Final
2023-11-18 10:03:46.517  INFO 19228 --- [main] o.hibernate.annotations.common.Version   : HCANN000001: Hibernate Commons Annotations {5.1.2.Final}
2023-11-18 10:03:47.024  INFO 19228 --- [main] com.zaxxer.hikari.HikariDataSource       : HikariPool-1 - Starting...
2023-11-18 10:03:48.168  INFO 19228 --- [main] com.zaxxer.hikari.HikariDataSource       : HikariPool-1 - Start completed.
2023-11-18 10:03:48.250  INFO 19228 --- [main] org.hibernate.dialect.Dialect            : HHH000400: Using dialect: org.hibernate.dialect.Oracle12cDialect
2023-11-18 10:03:50.985  INFO 19228 --- [main] o.h.e.t.j.p.i.JtaPlatformInitiator       : HHH000490: Using JtaPlatform implementation: [org.hibernate.engine.transaction.jta.platform.internal.NoJtaPlatform]
2023-11-18 10:03:51.015  INFO 19228 --- [main] j.LocalContainerEntityManagerFactoryBean : Initialized JPA EntityManagerFactory for persistence unit 'docs'
2023-11-18 10:03:52.450  WARN 19228 --- [main] JpaBaseConfiguration$JpaWebConfiguration : spring.jpa.open-in-view is enabled by default. Therefore, database queries may be performed during view rendering. Explicitly configure spring.jpa.open-in-view to disable this warning
2023-11-18 10:03:52.546  INFO 19228 --- [main] o.s.s.concurrent.ThreadPoolTaskExecutor  : Initializing ExecutorService 'applicationTaskExecutor'
2023-11-18 10:03:53.667  INFO 19228 --- [main] o.s.s.c.ThreadPoolTaskScheduler          : Initializing ExecutorService 'taskScheduler'
2023-11-18 10:03:53.703  INFO 19228 --- [main] o.s.b.a.e.web.EndpointLinksResolver      : Exposing 2 endpoint(s) beneath base path '/actuator'
2023-11-18 10:03:53.853  INFO 19228 --- [main] o.s.b.w.embedded.tomcat.TomcatWebServer  : Tomcat started on port(s): 8401 (http) with context path ''
2023-11-18 10:03:53.901  INFO 19228 --- [main] c.s.docs.DocsIntegrationApplication      : Started DocsIntegrationApplication in 14.804 seconds (JVM running for 17.185)
2023-11-18 10:03:53.922  INFO 19228 --- [task-1] c.s.docs.service.ClaimsInvLines          : Start UAP Create Documents
2023-11-18 10:03:54.564  INFO 19228 --- [RMI TCP Connection(3)-10.80.235.132] o.a.c.c.C.[Tomcat].[localhost].[/]       : Initializing Spring DispatcherServlet 'dispatcherServlet'
2023-11-18 10:03:54.565  INFO 19228 --- [RMI TCP Connection(3)-10.80.235.132] o.s.web.servlet.DispatcherServlet        : Initializing Servlet 'dispatcherServlet'
2023-11-18 10:03:54.570  INFO 19228 --- [RMI TCP Connection(3)-10.80.235.132] o.s.web.servlet.DispatcherServlet        : Completed initialization in 4 ms
2023-11-18 10:03:57.327  INFO 19228 --- [task-1] c.s.docs.service.ClaimsInvLines          : ****************** CLAIMS FOUND READY TO GENERATE THE DOCUMENTS----------[151]
2023-11-18 10:03:58.769  INFO 19228 --- [task-1] c.s.docs.service.ClaimsInvLines          : ****************** GENERATING PDF DOCUMENR****************
2023-11-18 10:04:00.347  INFO 19228 --- [SpringContextShutdownHook] o.s.s.c.ThreadPoolTaskScheduler          : Shutting down ExecutorService 'taskScheduler'
2023-11-18 10:04:00.352  INFO 19228 --- [SpringContextShutdownHook] o.s.s.concurrent.ThreadPoolTaskExecutor  : Shutting down ExecutorService 'applicationTaskExecutor'
2023-11-18 10:04:00.372  WARN 19228 --- [task-1] com.zaxxer.hikari.pool.ProxyConnection   : HikariPool-1 - Connection oracle.jdbc.driver.T4CConnection@5a7a6d34 marked as broken because of SQLSTATE(08006), ErrorCode(17002)

java.sql.SQLRecoverableException: IO Error: Socket read interrupted
	at oracle.jdbc.driver.T4CStatement.executeForDescribe(T4CStatement.java:900) ~[ojdbc8-21.1.0.0.jar:21.1.0.0.0]
	at oracle.jdbc.driver.OracleStatement.prepareDefineBufferAndExecute(OracleStatement.java:1158) ~[ojdbc8-21.1.0.0.jar:21.1.0.0.0]
	at oracle.jdbc.driver.OracleStatement.executeMaybeDescribe(OracleStatement.java:1093) ~[ojdbc8-21.1.0.0.jar:21.1.0.0.0]
	at oracle.jdbc.driver.OracleStatement.executeSQLSelect(OracleStatement.java:1402) ~[ojdbc8-21.1.0.0.jar:21.1.0.0.0]
	at oracle.jdbc.driver.OracleStatement.doExecuteWithTimeout(OracleStatement.java:1285) ~[ojdbc8-21.1.0.0.jar:21.1.0.0.0]
	at oracle.jdbc.driver.OracleStatement.executeQuery(OracleStatement.java:1687) ~[ojdbc8-21.1.0.0.jar:21.1.0.0.0]
	at oracle.jdbc.driver.OracleStatementWrapper.executeQuery(OracleStatementWrapper.java:394) ~[ojdbc8-21.1.0.0.jar:21.1.0.0.0]
	at com.zaxxer.hikari.pool.ProxyStatement.executeQuery(ProxyStatement.java:111) ~[HikariCP-3.4.5.jar:na]
	at com.zaxxer.hikari.pool.HikariProxyStatement.executeQuery(HikariProxyStatement.java) ~[HikariCP-3.4.5.jar:na]
	at org.springframework.jdbc.core.JdbcTemplate$1QueryStatementCallback.doInStatement(JdbcTemplate.java:452) ~[spring-jdbc-5.3.1.jar:5.3.1]
	at org.springframework.jdbc.core.JdbcTemplate.execute(JdbcTemplate.java:381) ~[spring-jdbc-5.3.1.jar:5.3.1]
	at org.springframework.jdbc.core.JdbcTemplate.query(JdbcTemplate.java:465) ~[spring-jdbc-5.3.1.jar:5.3.1]
	at org.springframework.jdbc.core.JdbcTemplate.query(JdbcTemplate.java:475) ~[spring-jdbc-5.3.1.jar:5.3.1]
	at c.s.docs.repo.ClaimsRepo.fetchInvoiceLines(ClaimsRepo.java:135) ~[classes/:na]
	at c.s.docs.repo.ClaimsRepo$$FastClassBySpringCGLIB$$c814c6b8.invoke(<generated>) ~[classes/:na]
	at org.springframework.cglib.proxy.MethodProxy.invoke(MethodProxy.java:218) ~[spring-core-5.3.1.jar:5.3.1]
	at org.springframework.aop.framework.CglibAopProxy$CglibMethodInvocation.invokeJoinpoint(CglibAopProxy.java:771) ~[spring-aop-5.3.1.jar:5.3.1]
	at org.springframework.aop.framework.ReflectiveMethodInvocation.proceed(ReflectiveMethodInvocation.java:163) ~[spring-aop-5.3.1.jar:5.3.1]
	at org.springframework.aop.framework.CglibAopProxy$CglibMethodInvocation.proceed(CglibAopProxy.java:749) ~[spring-aop-5.3.1.jar:5.3.1]
	at org.springframework.dao.support.PersistenceExceptionTranslationInterceptor.invoke(PersistenceExceptionTranslationInterceptor.java:137) ~[spring-tx-5.3.1.jar:5.3.1]
	at org.springframework.aop.framework.ReflectiveMethodInvocation.proceed(ReflectiveMethodInvocation.java:186) ~[spring-aop-5.3.1.jar:5.3.1]
	at org.springframework.aop.framework.CglibAopProxy$CglibMethodInvocation.proceed(CglibAopProxy.java:749) ~[spring-aop-5.3.1.jar:5.3.1]
	at org.springframework.transaction.interceptor.TransactionAspectSupport.invokeWithinTransaction(TransactionAspectSupport.java:371) ~[spring-tx-5.3.1.jar:5.3.1]
	at org.springframework.transaction.interceptor.TransactionInterceptor.invoke(TransactionInterceptor.java:134) ~[spring-tx-5.3.1.jar:5.3.1]
	at org.springframework.aop.framework.ReflectiveMethodInvocation.proceed(ReflectiveMethodInvocation.java:186) ~[spring-aop-5.3.1.jar:5.3.1]
	at org.springframework.aop.framework.CglibAopProxy$CglibMethodInvocation.proceed(CglibAopProxy.java:749) ~[spring-aop-5.3.1.jar:5.3.1]
	at org.springframework.aop.framework.CglibAopProxy$DynamicAdvisedInterceptor.intercept(CglibAopProxy.java:691) ~[spring-aop-5.3.1.jar:5.3.1]
	at c.s.docs.repo.ClaimsRepo$$EnhancerBySpringCGLIB$$ee6fa542.fetchInvoiceLines(<generated>) ~[classes/:na]
	at c.s.docs.service.ClaimsInvLines.getClaimWithoutAttachments(ClaimsInvLines.java:221) ~[classes/:na]
	at c.s.docs.daemon.ClaimsDaemon.processClaimsWithoutAttachments(ClaimsDaemon.java:33) ~[classes/:na]
	at c.s.docs.daemon.ClaimsDaemon$$FastClassBySpringCGLIB$$26ffe1b8.invoke(<generated>) ~[classes/:na]
	at org.springframework.cglib.proxy.MethodProxy.invoke(MethodProxy.java:218) ~[spring-core-5.3.1.jar:5.3.1]
	at org.springframework.aop.framework.CglibAopProxy$CglibMethodInvocation.invokeJoinpoint(CglibAopProxy.java:771) ~[spring-aop-5.3.1.jar:5.3.1]
	at org.springframework.aop.framework.ReflectiveMethodInvocation.proceed(ReflectiveMethodInvocation.java:163) ~[spring-aop-5.3.1.jar:5.3.1]
	at org.springframework.aop.framework.CglibAopProxy$CglibMethodInvocation.proceed(CglibAopProxy.java:749) ~[spring-aop-5.3.1.jar:5.3.1]
	at org.springframework.aop.interceptor.AsyncExecutionInterceptor.lambda$invoke$0(AsyncExecutionInterceptor.java:115) ~[spring-aop-5.3.1.jar:5.3.1]
	at java.base/java.util.concurrent.FutureTask.run(FutureTask.java:317) ~[na:na]
	at java.base/java.util.concurrent.ThreadPoolExecutor.runWorker(ThreadPoolExecutor.java:1144) ~[na:na]
	at java.base/java.util.concurrent.ThreadPoolExecutor$Worker.run(ThreadPoolExecutor.java:642) ~[na:na]
	at java.base/java.lang.Thread.run(Thread.java:1589) ~[na:na]
Caused by: java.io.InterruptedIOException: Socket read interrupted
	at oracle.net.nt.TimeoutSocketChannel.handleInterrupt(TimeoutSocketChannel.java:549) ~[ojdbc8-21.1.0.0.jar:21.1.0.0.0]
	at oracle.net.nt.TimeoutSocketChannel.read(TimeoutSocketChannel.java:420) ~[ojdbc8-21.1.0.0.jar:21.1.0.0.0]
	at oracle.net.ns.NSProtocolNIO.doSocketRead(NSProtocolNIO.java:1119) ~[ojdbc8-21.1.0.0.jar:21.1.0.0.0]
	at oracle.net.ns.NIOPacket.readHeader(NIOPacket.java:267) ~[ojdbc8-21.1.0.0.jar:21.1.0.0.0]
	at oracle.net.ns.NIOPacket.readPacketFromSocketChannel(NIOPacket.java:199) ~[ojdbc8-21.1.0.0.jar:21.1.0.0.0]
	at oracle.net.ns.NIOPacket.readFromSocketChannel(NIOPacket.java:141) ~[ojdbc8-21.1.0.0.jar:21.1.0.0.0]
	at oracle.net.ns.NIOPacket.readFromSocketChannel(NIOPacket.java:114) ~[ojdbc8-21.1.0.0.jar:21.1.0.0.0]
	at oracle.net.ns.NIONSDataChannel.readDataFromSocketChannel(NIONSDataChannel.java:98) ~[ojdbc8-21.1.0.0.jar:21.1.0.0.0]
	at oracle.jdbc.driver.T4CMAREngineNIO.prepareForUnmarshall(T4CMAREngineNIO.java:834) ~[ojdbc8-21.1.0.0.jar:21.1.0.0.0]
	at oracle.jdbc.driver.T4CMAREngineNIO.unmarshalUB1(T4CMAREngineNIO.java:487) ~[ojdbc8-21.1.0.0.jar:21.1.0.0.0]
	at oracle.jdbc.driver.T4CTTIfun.receive(T4CTTIfun.java:577) ~[ojdbc8-21.1.0.0.jar:21.1.0.0.0]
	at oracle.jdbc.driver.T4CTTIfun.doRPC(T4CTTIfun.java:291) ~[ojdbc8-21.1.0.0.jar:21.1.0.0.0]
	at oracle.jdbc.driver.T4C8Oall.doOALL(T4C8Oall.java:492) ~[ojdbc8-21.1.0.0.jar:21.1.0.0.0]
	at oracle.jdbc.driver.T4CStatement.doOall8(T4CStatement.java:108) ~[ojdbc8-21.1.0.0.jar:21.1.0.0.0]
	at oracle.jdbc.driver.T4CStatement.executeForDescribe(T4CStatement.java:887) ~[ojdbc8-21.1.0.0.jar:21.1.0.0.0]
	... 39 common frames omitted

2023-11-18 10:04:00.389  INFO 19228 --- [SpringContextShutdownHook] j.LocalContainerEntityManagerFactoryBean : Closing JPA EntityManagerFactory for persistence unit 'docs'
2023-11-18 10:04:00.392  INFO 19228 --- [SpringContextShutdownHook] com.zaxxer.hikari.HikariDataSource       : HikariPool-1 - Shutdown initiated...
2023-11-18 10:04:00.698  WARN 19228 --- [task-1] o.s.jdbc.support.SQLErrorCodesFactory    : Error while extracting database name

org.springframework.jdbc.support.MetaDataAccessException: Could not get Connection for extracting meta-data; nested exception is org.springframework.jdbc.CannotGetJdbcConnectionException: Failed to obtain JDBC Connection: Session/EntityManager is closed
	at org.springframework.jdbc.support.JdbcUtils.extractDatabaseMetaData(JdbcUtils.java:363) ~[spring-jdbc-5.3.1.jar:5.3.1]
	at org.springframework.jdbc.support.SQLErrorCodesFactory.resolveErrorCodes(SQLErrorCodesFactory.java:235) ~[spring-jdbc-5.3.1.jar:5.3.1]
	at org.springframework.jdbc.support.SQLErrorCodeSQLExceptionTranslator.lambda$setDataSource$0(SQLErrorCodeSQLExceptionTranslator.java:140) ~[spring-jdbc-5.3.1.jar:5.3.1]
	at org.springframework.util.function.SingletonSupplier.get(SingletonSupplier.java:97) ~[spring-core-5.3.1.jar:5.3.1]
	at org.springframework.jdbc.support.SQLErrorCodeSQLExceptionTranslator.setDataSource(SQLErrorCodeSQLExceptionTranslator.java:141) ~[spring-jdbc-5.3.1.jar:5.3.1]
	at org.springframework.jdbc.support.SQLErrorCodeSQLExceptionTranslator.<init>(SQLErrorCodeSQLExceptionTranslator.java:102) ~[spring-jdbc-5.3.1.jar:5.3.1]
	at org.springframework.jdbc.support.JdbcAccessor.getExceptionTranslator(JdbcAccessor.java:136) ~[spring-jdbc-5.3.1.jar:5.3.1]
	at org.springframework.jdbc.core.JdbcTemplate.translateException(JdbcTemplate.java:1541) ~[spring-jdbc-5.3.1.jar:5.3.1]
	at org.springframework.jdbc.core.JdbcTemplate.execute(JdbcTemplate.java:393) ~[spring-jdbc-5.3.1.jar:5.3.1]
	at org.springframework.jdbc.core.JdbcTemplate.query(JdbcTemplate.java:465) ~[spring-jdbc-5.3.1.jar:5.3.1]
	at org.springframework.jdbc.core.JdbcTemplate.query(JdbcTemplate.java:475) ~[spring-jdbc-5.3.1.jar:5.3.1]
	at c.s.docs.repo.ClaimsRepo.fetchInvoiceLines(ClaimsRepo.java:135) ~[classes/:na]
	at c.s.docs.repo.ClaimsRepo$$FastClassBySpringCGLIB$$c814c6b8.invoke(<generated>) ~[classes/:na]
	at org.springframework.cglib.proxy.MethodProxy.invoke(MethodProxy.java:218) ~[spring-core-5.3.1.jar:5.3.1]
	at org.springframework.aop.framework.CglibAopProxy$CglibMethodInvocation.invokeJoinpoint(CglibAopProxy.java:771) ~[spring-aop-5.3.1.jar:5.3.1]
	at org.springframework.aop.framework.ReflectiveMethodInvocation.proceed(ReflectiveMethodInvocation.java:163) ~[spring-aop-5.3.1.jar:5.3.1]
	at org.springframework.aop.framework.CglibAopProxy$CglibMethodInvocation.proceed(CglibAopProxy.java:749) ~[spring-aop-5.3.1.jar:5.3.1]
	at org.springframework.dao.support.PersistenceExceptionTranslationInterceptor.invoke(PersistenceExceptionTranslationInterceptor.java:137) ~[spring-tx-5.3.1.jar:5.3.1]
	at org.springframework.aop.framework.ReflectiveMethodInvocation.proceed(ReflectiveMethodInvocation.java:186) ~[spring-aop-5.3.1.jar:5.3.1]
	at org.springframework.aop.framework.CglibAopProxy$CglibMethodInvocation.proceed(CglibAopProxy.java:749) ~[spring-aop-5.3.1.jar:5.3.1]
	at org.springframework.transaction.interceptor.TransactionAspectSupport.invokeWithinTransaction(TransactionAspectSupport.java:371) ~[spring-tx-5.3.1.jar:5.3.1]
	at org.springframework.transaction.interceptor.TransactionInterceptor.invoke(TransactionInterceptor.java:134) ~[spring-tx-5.3.1.jar:5.3.1]
	at org.springframework.aop.framework.ReflectiveMethodInvocation.proceed(ReflectiveMethodInvocation.java:186) ~[spring-aop-5.3.1.jar:5.3.1]
	at org.springframework.aop.framework.CglibAopProxy$CglibMethodInvocation.proceed(CglibAopProxy.java:749) ~[spring-aop-5.3.1.jar:5.3.1]
	at org.springframework.aop.framework.CglibAopProxy$DynamicAdvisedInterceptor.intercept(CglibAopProxy.java:691) ~[spring-aop-5.3.1.jar:5.3.1]
	at c.s.docs.repo.ClaimsRepo$$EnhancerBySpringCGLIB$$ee6fa542.fetchInvoiceLines(<generated>) ~[classes/:na]
	at c.s.docs.service.ClaimsInvLines.getClaimWithoutAttachments(ClaimsInvLines.java:221) ~[classes/:na]
	at c.s.docs.daemon.ClaimsDaemon.processClaimsWithoutAttachments(ClaimsDaemon.java:33) ~[classes/:na]
	at c.s.docs.daemon.ClaimsDaemon$$FastClassBySpringCGLIB$$26ffe1b8.invoke(<generated>) ~[classes/:na]
	at org.springframework.cglib.proxy.MethodProxy.invoke(MethodProxy.java:218) ~[spring-core-5.3.1.jar:5.3.1]
	at org.springframework.aop.framework.CglibAopProxy$CglibMethodInvocation.invokeJoinpoint(CglibAopProxy.java:771) ~[spring-aop-5.3.1.jar:5.3.1]
	at org.springframework.aop.framework.ReflectiveMethodInvocation.proceed(ReflectiveMethodInvocation.java:163) ~[spring-aop-5.3.1.jar:5.3.1]
	at org.springframework.aop.framework.CglibAopProxy$CglibMethodInvocation.proceed(CglibAopProxy.java:749) ~[spring-aop-5.3.1.jar:5.3.1]
	at org.springframework.aop.interceptor.AsyncExecutionInterceptor.lambda$invoke$0(AsyncExecutionInterceptor.java:115) ~[spring-aop-5.3.1.jar:5.3.1]
	at java.base/java.util.concurrent.FutureTask.run(FutureTask.java:317) ~[na:na]
	at java.base/java.util.concurrent.ThreadPoolExecutor.runWorker(ThreadPoolExecutor.java:1144) ~[na:na]
	at java.base/java.util.concurrent.ThreadPoolExecutor$Worker.run(ThreadPoolExecutor.java:642) ~[na:na]
	at java.base/java.lang.Thread.run(Thread.java:1589) ~[na:na]
Caused by: org.springframework.jdbc.CannotGetJdbcConnectionException: Failed to obtain JDBC Connection: Session/EntityManager is closed
	at org.springframework.jdbc.datasource.DataSourceUtils.getConnection(DataSourceUtils.java:85) ~[spring-jdbc-5.3.1.jar:5.3.1]
	at org.springframework.jdbc.support.JdbcUtils.extractDatabaseMetaData(JdbcUtils.java:337) ~[spring-jdbc-5.3.1.jar:5.3.1]
	... 37 common frames omitted

2023-11-18 10:04:00.701  WARN 19228 --- [task-1] o.s.jdbc.support.SQLErrorCodesFactory    : Error while extracting database name

org.springframework.jdbc.support.MetaDataAccessException: Could not get Connection for extracting meta-data; nested exception is org.springframework.jdbc.CannotGetJdbcConnectionException: Failed to obtain JDBC Connection: Session/EntityManager is closed
	at org.springframework.jdbc.support.JdbcUtils.extractDatabaseMetaData(JdbcUtils.java:363) ~[spring-jdbc-5.3.1.jar:5.3.1]
	at org.springframework.jdbc.support.SQLErrorCodesFactory.resolveErrorCodes(SQLErrorCodesFactory.java:235) ~[spring-jdbc-5.3.1.jar:5.3.1]
	at org.springframework.jdbc.support.SQLErrorCodeSQLExceptionTranslator.lambda$setDataSource$0(SQLErrorCodeSQLExceptionTranslator.java:140) ~[spring-jdbc-5.3.1.jar:5.3.1]
	at org.springframework.util.function.SingletonSupplier.get(SingletonSupplier.java:97) ~[spring-core-5.3.1.jar:5.3.1]
	at org.springframework.util.function.SupplierUtils.resolve(SupplierUtils.java:40) ~[spring-core-5.3.1.jar:5.3.1]
	at org.springframework.jdbc.support.SQLErrorCodeSQLExceptionTranslator.getSqlErrorCodes(SQLErrorCodeSQLExceptionTranslator.java:171) ~[spring-jdbc-5.3.1.jar:5.3.1]
	at org.springframework.jdbc.support.SQLErrorCodeSQLExceptionTranslator.doTranslate(SQLErrorCodeSQLExceptionTranslator.java:193) ~[spring-jdbc-5.3.1.jar:5.3.1]
	at org.springframework.jdbc.support.AbstractFallbackSQLExceptionTranslator.translate(AbstractFallbackSQLExceptionTranslator.java:70) ~[spring-jdbc-5.3.1.jar:5.3.1]
	at org.springframework.jdbc.core.JdbcTemplate.translateException(JdbcTemplate.java:1541) ~[spring-jdbc-5.3.1.jar:5.3.1]
	at org.springframework.jdbc.core.JdbcTemplate.execute(JdbcTemplate.java:393) ~[spring-jdbc-5.3.1.jar:5.3.1]
	at org.springframework.jdbc.core.JdbcTemplate.query(JdbcTemplate.java:465) ~[spring-jdbc-5.3.1.jar:5.3.1]
	at org.springframework.jdbc.core.JdbcTemplate.query(JdbcTemplate.java:475) ~[spring-jdbc-5.3.1.jar:5.3.1]
	at c.s.docs.repo.ClaimsRepo.fetchInvoiceLines(ClaimsRepo.java:135) ~[classes/:na]
	at c.s.docs.repo.ClaimsRepo$$FastClassBySpringCGLIB$$c814c6b8.invoke(<generated>) ~[classes/:na]
	at org.springframework.cglib.proxy.MethodProxy.invoke(MethodProxy.java:218) ~[spring-core-5.3.1.jar:5.3.1]
	at org.springframework.aop.framework.CglibAopProxy$CglibMethodInvocation.invokeJoinpoint(CglibAopProxy.java:771) ~[spring-aop-5.3.1.jar:5.3.1]
	at org.springframework.aop.framework.ReflectiveMethodInvocation.proceed(ReflectiveMethodInvocation.java:163) ~[spring-aop-5.3.1.jar:5.3.1]
	at org.springframework.aop.framework.CglibAopProxy$CglibMethodInvocation.proceed(CglibAopProxy.java:749) ~[spring-aop-5.3.1.jar:5.3.1]
	at org.springframework.dao.support.PersistenceExceptionTranslationInterceptor.invoke(PersistenceExceptionTranslationInterceptor.java:137) ~[spring-tx-5.3.1.jar:5.3.1]
	at org.springframework.aop.framework.ReflectiveMethodInvocation.proceed(ReflectiveMethodInvocation.java:186) ~[spring-aop-5.3.1.jar:5.3.1]
	at org.springframework.aop.framework.CglibAopProxy$CglibMethodInvocation.proceed(CglibAopProxy.java:749) ~[spring-aop-5.3.1.jar:5.3.1]
	at org.springframework.transaction.interceptor.TransactionAspectSupport.invokeWithinTransaction(TransactionAspectSupport.java:371) ~[spring-tx-5.3.1.jar:5.3.1]
	at org.springframework.transaction.interceptor.TransactionInterceptor.invoke(TransactionInterceptor.java:134) ~[spring-tx-5.3.1.jar:5.3.1]
	at org.springframework.aop.framework.ReflectiveMethodInvocation.proceed(ReflectiveMethodInvocation.java:186) ~[spring-aop-5.3.1.jar:5.3.1]
	at org.springframework.aop.framework.CglibAopProxy$CglibMethodInvocation.proceed(CglibAopProxy.java:749) ~[spring-aop-5.3.1.jar:5.3.1]
	at org.springframework.aop.framework.CglibAopProxy$DynamicAdvisedInterceptor.intercept(CglibAopProxy.java:691) ~[spring-aop-5.3.1.jar:5.3.1]
	at c.s.docs.repo.ClaimsRepo$$EnhancerBySpringCGLIB$$ee6fa542.fetchInvoiceLines(<generated>) ~[classes/:na]
	at c.s.docs.service.ClaimsInvLines.getClaimWithoutAttachments(ClaimsInvLines.java:221) ~[classes/:na]
	at c.s.docs.daemon.ClaimsDaemon.processClaimsWithoutAttachments(ClaimsDaemon.java:33) ~[classes/:na]
	at c.s.docs.daemon.ClaimsDaemon$$FastClassBySpringCGLIB$$26ffe1b8.invoke(<generated>) ~[classes/:na]
	at org.springframework.cglib.proxy.MethodProxy.invoke(MethodProxy.java:218) ~[spring-core-5.3.1.jar:5.3.1]
	at org.springframework.aop.framework.CglibAopProxy$CglibMethodInvocation.invokeJoinpoint(CglibAopProxy.java:771) ~[spring-aop-5.3.1.jar:5.3.1]
	at org.springframework.aop.framework.ReflectiveMethodInvocation.proceed(ReflectiveMethodInvocation.java:163) ~[spring-aop-5.3.1.jar:5.3.1]
	at org.springframework.aop.framework.CglibAopProxy$CglibMethodInvocation.proceed(CglibAopProxy.java:749) ~[spring-aop-5.3.1.jar:5.3.1]
	at org.springframework.aop.interceptor.AsyncExecutionInterceptor.lambda$invoke$0(AsyncExecutionInterceptor.java:115) ~[spring-aop-5.3.1.jar:5.3.1]
	at java.base/java.util.concurrent.FutureTask.run(FutureTask.java:317) ~[na:na]
	at java.base/java.util.concurrent.ThreadPoolExecutor.runWorker(ThreadPoolExecutor.java:1144) ~[na:na]
	at java.base/java.util.concurrent.ThreadPoolExecutor$Worker.run(ThreadPoolExecutor.java:642) ~[na:na]
	at java.base/java.lang.Thread.run(Thread.java:1589) ~[na:na]
Caused by: org.springframework.jdbc.CannotGetJdbcConnectionException: Failed to obtain JDBC Connection: Session/EntityManager is closed
	at org.springframework.jdbc.datasource.DataSourceUtils.getConnection(DataSourceUtils.java:85) ~[spring-jdbc-5.3.1.jar:5.3.1]
	at org.springframework.jdbc.support.JdbcUtils.extractDatabaseMetaData(JdbcUtils.java:337) ~[spring-jdbc-5.3.1.jar:5.3.1]
	... 38 common frames omitted

2023-11-18 10:04:00.737 ERROR 19228 --- [task-1] o.s.t.i.TransactionInterceptor           : Application exception overridden by rollback exception

org.springframework.beans.factory.BeanCreationNotAllowedException: Error creating bean with name 'entityManagerFactory': Singleton bean creation not allowed while singletons of this factory are in destruction (Do not request a bean from a BeanFactory in a destroy method implementation!)
	at org.springframework.beans.factory.support.DefaultSingletonBeanRegistry.getSingleton(DefaultSingletonBeanRegistry.java:220) ~[spring-beans-5.3.1.jar:5.3.1]
	at org.springframework.beans.factory.support.AbstractBeanFactory.doGetBean(AbstractBeanFactory.java:333) ~[spring-beans-5.3.1.jar:5.3.1]
	at org.springframework.beans.factory.support.AbstractBeanFactory.getBean(AbstractBeanFactory.java:208) ~[spring-beans-5.3.1.jar:5.3.1]
	at org.springframework.beans.factory.support.DefaultListableBeanFactory$1.orderedStream(DefaultListableBeanFactory.java:481) ~[spring-beans-5.3.1.jar:5.3.1]
	at org.springframework.dao.support.PersistenceExceptionTranslationInterceptor.detectPersistenceExceptionTranslators(PersistenceExceptionTranslationInterceptor.java:167) ~[spring-tx-5.3.1.jar:5.3.1]
	at org.springframework.dao.support.PersistenceExceptionTranslationInterceptor.invoke(PersistenceExceptionTranslationInterceptor.java:149) ~[spring-tx-5.3.1.jar:5.3.1]
	at org.springframework.aop.framework.ReflectiveMethodInvocation.proceed(ReflectiveMethodInvocation.java:186) ~[spring-aop-5.3.1.jar:5.3.1]
	at org.springframework.aop.framework.CglibAopProxy$CglibMethodInvocation.proceed(CglibAopProxy.java:749) ~[spring-aop-5.3.1.jar:5.3.1]
	at org.springframework.transaction.interceptor.TransactionAspectSupport.invokeWithinTransaction(TransactionAspectSupport.java:371) ~[spring-tx-5.3.1.jar:5.3.1]
	at org.springframework.transaction.interceptor.TransactionInterceptor.invoke(TransactionInterceptor.java:134) ~[spring-tx-5.3.1.jar:5.3.1]
	at org.springframework.aop.framework.ReflectiveMethodInvocation.proceed(ReflectiveMethodInvocation.java:186) ~[spring-aop-5.3.1.jar:5.3.1]
	at org.springframework.aop.framework.CglibAopProxy$CglibMethodInvocation.proceed(CglibAopProxy.java:749) ~[spring-aop-5.3.1.jar:5.3.1]
	at org.springframework.aop.framework.CglibAopProxy$DynamicAdvisedInterceptor.intercept(CglibAopProxy.java:691) ~[spring-aop-5.3.1.jar:5.3.1]
	at c.s.docs.repo.ClaimsRepo$$EnhancerBySpringCGLIB$$ee6fa542.fetchInvoiceLines(<generated>) ~[classes/:na]
	at c.s.docs.service.ClaimsInvLines.getClaimWithoutAttachments(ClaimsInvLines.java:221) ~[classes/:na]
	at c.s.docs.daemon.ClaimsDaemon.processClaimsWithoutAttachments(ClaimsDaemon.java:33) ~[classes/:na]
	at c.s.docs.daemon.ClaimsDaemon$$FastClassBySpringCGLIB$$26ffe1b8.invoke(<generated>) ~[classes/:na]
	at org.springframework.cglib.proxy.MethodProxy.invoke(MethodProxy.java:218) ~[spring-core-5.3.1.jar:5.3.1]
	at org.springframework.aop.framework.CglibAopProxy$CglibMethodInvocation.invokeJoinpoint(CglibAopProxy.java:771) ~[spring-aop-5.3.1.jar:5.3.1]
	at org.springframework.aop.framework.ReflectiveMethodInvocation.proceed(ReflectiveMethodInvocation.java:163) ~[spring-aop-5.3.1.jar:5.3.1]
	at org.springframework.aop.framework.CglibAopProxy$CglibMethodInvocation.proceed(CglibAopProxy.java:749) ~[spring-aop-5.3.1.jar:5.3.1]
	at org.springframework.aop.interceptor.AsyncExecutionInterceptor.lambda$invoke$0(AsyncExecutionInterceptor.java:115) ~[spring-aop-5.3.1.jar:5.3.1]
	at java.base/java.util.concurrent.FutureTask.run(FutureTask.java:317) ~[na:na]
	at java.base/java.util.concurrent.ThreadPoolExecutor.runWorker(ThreadPoolExecutor.java:1144) ~[na:na]
	at java.base/java.util.concurrent.ThreadPoolExecutor$Worker.run(ThreadPoolExecutor.java:642) ~[na:na]
	at java.base/java.lang.Thread.run(Thread.java:1589) ~[na:na]

2023-11-18 10:04:00.742  INFO 19228 --- [task-1] c.s.docs.service.ClaimsInvLines          : End UAP Create Documents
2023-11-18 10:04:01.038  INFO 19228 --- [SpringContextShutdownHook] com.zaxxer.hikari.HikariDataSource       : HikariPool-1 - Shutdown completed.
2023-11-18 10:04:48.757  INFO 1864 --- [main] c.s.d.DocsIntegrationApplicationTests    : Starting DocsIntegrationApplicationTests using Java 19.0.1 on LP-TECH-8LFF with PID 1864 (started by Dennis.Rono in C:\Users\dennis.rono\IdeaProjects\smart_projects\Doc Integration\edi-doc-integration-ug)
2023-11-18 10:04:48.762  INFO 1864 --- [main] c.s.d.DocsIntegrationApplicationTests    : The following profiles are active: qa
2023-11-18 10:04:50.792  INFO 1864 --- [main] .s.d.r.c.RepositoryConfigurationDelegate : Bootstrapping Spring Data JPA repositories in DEFAULT mode.
2023-11-18 10:04:50.815  INFO 1864 --- [main] .s.d.r.c.RepositoryConfigurationDelegate : Finished Spring Data repository scanning in 11 ms. Found 0 JPA repository interfaces.
2023-11-18 10:04:52.998  INFO 1864 --- [main] o.hibernate.jpa.internal.util.LogHelper  : HHH000204: Processing PersistenceUnitInfo [name: docs]
2023-11-18 10:04:53.154  INFO 1864 --- [main] org.hibernate.Version                    : HHH000412: Hibernate ORM core version 5.4.23.Final
2023-11-18 10:04:53.516  INFO 1864 --- [main] o.hibernate.annotations.common.Version   : HCANN000001: Hibernate Commons Annotations {5.1.2.Final}
2023-11-18 10:04:54.046  INFO 1864 --- [main] com.zaxxer.hikari.HikariDataSource       : HikariPool-1 - Starting...
2023-11-18 10:04:55.499  INFO 1864 --- [main] com.zaxxer.hikari.HikariDataSource       : HikariPool-1 - Start completed.
2023-11-18 10:04:55.625  INFO 1864 --- [main] org.hibernate.dialect.Dialect            : HHH000400: Using dialect: org.hibernate.dialect.Oracle12cDialect
2023-11-18 10:04:57.553  INFO 1864 --- [main] o.h.e.t.j.p.i.JtaPlatformInitiator       : HHH000490: Using JtaPlatform implementation: [org.hibernate.engine.transaction.jta.platform.internal.NoJtaPlatform]
2023-11-18 10:04:57.572  INFO 1864 --- [main] j.LocalContainerEntityManagerFactoryBean : Initialized JPA EntityManagerFactory for persistence unit 'docs'
2023-11-18 10:04:59.925  WARN 1864 --- [main] JpaBaseConfiguration$JpaWebConfiguration : spring.jpa.open-in-view is enabled by default. Therefore, database queries may be performed during view rendering. Explicitly configure spring.jpa.open-in-view to disable this warning
2023-11-18 10:05:00.306  INFO 1864 --- [main] o.s.s.concurrent.ThreadPoolTaskExecutor  : Initializing ExecutorService 'applicationTaskExecutor'
2023-11-18 10:05:02.101  INFO 1864 --- [main] o.s.s.c.ThreadPoolTaskScheduler          : Initializing ExecutorService 'taskScheduler'
2023-11-18 10:05:02.206  INFO 1864 --- [main] o.s.b.a.e.web.EndpointLinksResolver      : Exposing 2 endpoint(s) beneath base path '/actuator'
2023-11-18 10:05:02.364  INFO 1864 --- [main] c.s.d.DocsIntegrationApplicationTests    : Started DocsIntegrationApplicationTests in 14.374 seconds (JVM running for 17.103)
2023-11-18 10:05:02.396  INFO 1864 --- [task-1] c.s.docs.service.ClaimsInvLines          : Start UAP Create Documents
2023-11-18 10:05:03.099  INFO 1864 --- [SpringContextShutdownHook] o.s.s.c.ThreadPoolTaskScheduler          : Shutting down ExecutorService 'taskScheduler'
2023-11-18 10:05:03.103  INFO 1864 --- [SpringContextShutdownHook] o.s.s.concurrent.ThreadPoolTaskExecutor  : Shutting down ExecutorService 'applicationTaskExecutor'
2023-11-18 10:05:03.118  WARN 1864 --- [task-1] com.zaxxer.hikari.pool.ProxyConnection   : HikariPool-1 - Connection oracle.jdbc.driver.T4CConnection@29d2fa84 marked as broken because of SQLSTATE(08006), ErrorCode(17002)

java.sql.SQLRecoverableException: IO Error: Socket read interrupted
	at oracle.jdbc.driver.T4CStatement.executeForDescribe(T4CStatement.java:900) ~[ojdbc8-21.1.0.0.jar:21.1.0.0.0]
	at oracle.jdbc.driver.OracleStatement.prepareDefineBufferAndExecute(OracleStatement.java:1158) ~[ojdbc8-21.1.0.0.jar:21.1.0.0.0]
	at oracle.jdbc.driver.OracleStatement.executeMaybeDescribe(OracleStatement.java:1093) ~[ojdbc8-21.1.0.0.jar:21.1.0.0.0]
	at oracle.jdbc.driver.OracleStatement.executeSQLSelect(OracleStatement.java:1402) ~[ojdbc8-21.1.0.0.jar:21.1.0.0.0]
	at oracle.jdbc.driver.OracleStatement.doExecuteWithTimeout(OracleStatement.java:1285) ~[ojdbc8-21.1.0.0.jar:21.1.0.0.0]
	at oracle.jdbc.driver.OracleStatement.executeQuery(OracleStatement.java:1687) ~[ojdbc8-21.1.0.0.jar:21.1.0.0.0]
	at oracle.jdbc.driver.OracleStatementWrapper.executeQuery(OracleStatementWrapper.java:394) ~[ojdbc8-21.1.0.0.jar:21.1.0.0.0]
	at com.zaxxer.hikari.pool.ProxyStatement.executeQuery(ProxyStatement.java:111) ~[HikariCP-3.4.5.jar:na]
	at com.zaxxer.hikari.pool.HikariProxyStatement.executeQuery(HikariProxyStatement.java) ~[HikariCP-3.4.5.jar:na]
	at org.springframework.jdbc.core.JdbcTemplate$1QueryStatementCallback.doInStatement(JdbcTemplate.java:452) ~[spring-jdbc-5.3.1.jar:5.3.1]
	at org.springframework.jdbc.core.JdbcTemplate.execute(JdbcTemplate.java:381) ~[spring-jdbc-5.3.1.jar:5.3.1]
	at org.springframework.jdbc.core.JdbcTemplate.query(JdbcTemplate.java:465) ~[spring-jdbc-5.3.1.jar:5.3.1]
	at org.springframework.jdbc.core.JdbcTemplate.query(JdbcTemplate.java:475) ~[spring-jdbc-5.3.1.jar:5.3.1]
	at c.s.docs.repo.ClaimsRepo.fetchClaims(ClaimsRepo.java:81) ~[classes/:na]
	at c.s.docs.repo.ClaimsRepo$$FastClassBySpringCGLIB$$c814c6b8.invoke(<generated>) ~[classes/:na]
	at org.springframework.cglib.proxy.MethodProxy.invoke(MethodProxy.java:218) ~[spring-core-5.3.1.jar:5.3.1]
	at org.springframework.aop.framework.CglibAopProxy$CglibMethodInvocation.invokeJoinpoint(CglibAopProxy.java:771) ~[spring-aop-5.3.1.jar:5.3.1]
	at org.springframework.aop.framework.ReflectiveMethodInvocation.proceed(ReflectiveMethodInvocation.java:163) ~[spring-aop-5.3.1.jar:5.3.1]
	at org.springframework.aop.framework.CglibAopProxy$CglibMethodInvocation.proceed(CglibAopProxy.java:749) ~[spring-aop-5.3.1.jar:5.3.1]
	at org.springframework.dao.support.PersistenceExceptionTranslationInterceptor.invoke(PersistenceExceptionTranslationInterceptor.java:137) ~[spring-tx-5.3.1.jar:5.3.1]
	at org.springframework.aop.framework.ReflectiveMethodInvocation.proceed(ReflectiveMethodInvocation.java:186) ~[spring-aop-5.3.1.jar:5.3.1]
	at org.springframework.aop.framework.CglibAopProxy$CglibMethodInvocation.proceed(CglibAopProxy.java:749) ~[spring-aop-5.3.1.jar:5.3.1]
	at org.springframework.transaction.interceptor.TransactionAspectSupport.invokeWithinTransaction(TransactionAspectSupport.java:371) ~[spring-tx-5.3.1.jar:5.3.1]
	at org.springframework.transaction.interceptor.TransactionInterceptor.invoke(TransactionInterceptor.java:134) ~[spring-tx-5.3.1.jar:5.3.1]
	at org.springframework.aop.framework.ReflectiveMethodInvocation.proceed(ReflectiveMethodInvocation.java:186) ~[spring-aop-5.3.1.jar:5.3.1]
	at org.springframework.aop.framework.CglibAopProxy$CglibMethodInvocation.proceed(CglibAopProxy.java:749) ~[spring-aop-5.3.1.jar:5.3.1]
	at org.springframework.aop.framework.CglibAopProxy$DynamicAdvisedInterceptor.intercept(CglibAopProxy.java:691) ~[spring-aop-5.3.1.jar:5.3.1]
	at c.s.docs.repo.ClaimsRepo$$EnhancerBySpringCGLIB$$b9ad8ed7.fetchClaims(<generated>) ~[classes/:na]
	at c.s.docs.service.ClaimsInvLines.getClaimWithoutAttachments(ClaimsInvLines.java:136) ~[classes/:na]
	at c.s.docs.daemon.ClaimsDaemon.processClaimsWithoutAttachments(ClaimsDaemon.java:33) ~[classes/:na]
	at c.s.docs.daemon.ClaimsDaemon$$FastClassBySpringCGLIB$$26ffe1b8.invoke(<generated>) ~[classes/:na]
	at org.springframework.cglib.proxy.MethodProxy.invoke(MethodProxy.java:218) ~[spring-core-5.3.1.jar:5.3.1]
	at org.springframework.aop.framework.CglibAopProxy$CglibMethodInvocation.invokeJoinpoint(CglibAopProxy.java:771) ~[spring-aop-5.3.1.jar:5.3.1]
	at org.springframework.aop.framework.ReflectiveMethodInvocation.proceed(ReflectiveMethodInvocation.java:163) ~[spring-aop-5.3.1.jar:5.3.1]
	at org.springframework.aop.framework.CglibAopProxy$CglibMethodInvocation.proceed(CglibAopProxy.java:749) ~[spring-aop-5.3.1.jar:5.3.1]
	at org.springframework.aop.interceptor.AsyncExecutionInterceptor.lambda$invoke$0(AsyncExecutionInterceptor.java:115) ~[spring-aop-5.3.1.jar:5.3.1]
	at java.base/java.util.concurrent.FutureTask.run(FutureTask.java:317) ~[na:na]
	at java.base/java.util.concurrent.ThreadPoolExecutor.runWorker(ThreadPoolExecutor.java:1144) ~[na:na]
	at java.base/java.util.concurrent.ThreadPoolExecutor$Worker.run(ThreadPoolExecutor.java:642) ~[na:na]
	at java.base/java.lang.Thread.run(Thread.java:1589) ~[na:na]
Caused by: java.io.InterruptedIOException: Socket read interrupted
	at oracle.net.nt.TimeoutSocketChannel.handleInterrupt(TimeoutSocketChannel.java:549) ~[ojdbc8-21.1.0.0.jar:21.1.0.0.0]
	at oracle.net.nt.TimeoutSocketChannel.read(TimeoutSocketChannel.java:420) ~[ojdbc8-21.1.0.0.jar:21.1.0.0.0]
	at oracle.net.ns.NSProtocolNIO.doSocketRead(NSProtocolNIO.java:1119) ~[ojdbc8-21.1.0.0.jar:21.1.0.0.0]
	at oracle.net.ns.NIOPacket.readHeader(NIOPacket.java:267) ~[ojdbc8-21.1.0.0.jar:21.1.0.0.0]
	at oracle.net.ns.NIOPacket.readPacketFromSocketChannel(NIOPacket.java:199) ~[ojdbc8-21.1.0.0.jar:21.1.0.0.0]
	at oracle.net.ns.NIOPacket.readFromSocketChannel(NIOPacket.java:141) ~[ojdbc8-21.1.0.0.jar:21.1.0.0.0]
	at oracle.net.ns.NIOPacket.readFromSocketChannel(NIOPacket.java:114) ~[ojdbc8-21.1.0.0.jar:21.1.0.0.0]
	at oracle.net.ns.NIONSDataChannel.readDataFromSocketChannel(NIONSDataChannel.java:98) ~[ojdbc8-21.1.0.0.jar:21.1.0.0.0]
	at oracle.jdbc.driver.T4CMAREngineNIO.prepareForUnmarshall(T4CMAREngineNIO.java:834) ~[ojdbc8-21.1.0.0.jar:21.1.0.0.0]
	at oracle.jdbc.driver.T4CMAREngineNIO.unmarshalUB1(T4CMAREngineNIO.java:487) ~[ojdbc8-21.1.0.0.jar:21.1.0.0.0]
	at oracle.jdbc.driver.T4CTTIfun.receive(T4CTTIfun.java:577) ~[ojdbc8-21.1.0.0.jar:21.1.0.0.0]
	at oracle.jdbc.driver.T4CTTIfun.doRPC(T4CTTIfun.java:291) ~[ojdbc8-21.1.0.0.jar:21.1.0.0.0]
	at oracle.jdbc.driver.T4C8Oall.doOALL(T4C8Oall.java:492) ~[ojdbc8-21.1.0.0.jar:21.1.0.0.0]
	at oracle.jdbc.driver.T4CStatement.doOall8(T4CStatement.java:108) ~[ojdbc8-21.1.0.0.jar:21.1.0.0.0]
	at oracle.jdbc.driver.T4CStatement.executeForDescribe(T4CStatement.java:887) ~[ojdbc8-21.1.0.0.jar:21.1.0.0.0]
	... 39 common frames omitted

2023-11-18 10:05:03.215  INFO 1864 --- [SpringContextShutdownHook] j.LocalContainerEntityManagerFactoryBean : Closing JPA EntityManagerFactory for persistence unit 'docs'
2023-11-18 10:05:03.234  INFO 1864 --- [SpringContextShutdownHook] com.zaxxer.hikari.HikariDataSource       : HikariPool-1 - Shutdown initiated...
2023-11-18 10:05:03.514  WARN 1864 --- [task-1] o.s.jdbc.support.SQLErrorCodesFactory    : Error while extracting database name

org.springframework.jdbc.support.MetaDataAccessException: Could not get Connection for extracting meta-data; nested exception is org.springframework.jdbc.CannotGetJdbcConnectionException: Failed to obtain JDBC Connection: Session/EntityManager is closed
	at org.springframework.jdbc.support.JdbcUtils.extractDatabaseMetaData(JdbcUtils.java:363) ~[spring-jdbc-5.3.1.jar:5.3.1]
	at org.springframework.jdbc.support.SQLErrorCodesFactory.resolveErrorCodes(SQLErrorCodesFactory.java:235) ~[spring-jdbc-5.3.1.jar:5.3.1]
	at org.springframework.jdbc.support.SQLErrorCodeSQLExceptionTranslator.lambda$setDataSource$0(SQLErrorCodeSQLExceptionTranslator.java:140) ~[spring-jdbc-5.3.1.jar:5.3.1]
	at org.springframework.util.function.SingletonSupplier.get(SingletonSupplier.java:97) ~[spring-core-5.3.1.jar:5.3.1]
	at org.springframework.jdbc.support.SQLErrorCodeSQLExceptionTranslator.setDataSource(SQLErrorCodeSQLExceptionTranslator.java:141) ~[spring-jdbc-5.3.1.jar:5.3.1]
	at org.springframework.jdbc.support.SQLErrorCodeSQLExceptionTranslator.<init>(SQLErrorCodeSQLExceptionTranslator.java:102) ~[spring-jdbc-5.3.1.jar:5.3.1]
	at org.springframework.jdbc.support.JdbcAccessor.getExceptionTranslator(JdbcAccessor.java:136) ~[spring-jdbc-5.3.1.jar:5.3.1]
	at org.springframework.jdbc.core.JdbcTemplate.translateException(JdbcTemplate.java:1541) ~[spring-jdbc-5.3.1.jar:5.3.1]
	at org.springframework.jdbc.core.JdbcTemplate.execute(JdbcTemplate.java:393) ~[spring-jdbc-5.3.1.jar:5.3.1]
	at org.springframework.jdbc.core.JdbcTemplate.query(JdbcTemplate.java:465) ~[spring-jdbc-5.3.1.jar:5.3.1]
	at org.springframework.jdbc.core.JdbcTemplate.query(JdbcTemplate.java:475) ~[spring-jdbc-5.3.1.jar:5.3.1]
	at c.s.docs.repo.ClaimsRepo.fetchClaims(ClaimsRepo.java:81) ~[classes/:na]
	at c.s.docs.repo.ClaimsRepo$$FastClassBySpringCGLIB$$c814c6b8.invoke(<generated>) ~[classes/:na]
	at org.springframework.cglib.proxy.MethodProxy.invoke(MethodProxy.java:218) ~[spring-core-5.3.1.jar:5.3.1]
	at org.springframework.aop.framework.CglibAopProxy$CglibMethodInvocation.invokeJoinpoint(CglibAopProxy.java:771) ~[spring-aop-5.3.1.jar:5.3.1]
	at org.springframework.aop.framework.ReflectiveMethodInvocation.proceed(ReflectiveMethodInvocation.java:163) ~[spring-aop-5.3.1.jar:5.3.1]
	at org.springframework.aop.framework.CglibAopProxy$CglibMethodInvocation.proceed(CglibAopProxy.java:749) ~[spring-aop-5.3.1.jar:5.3.1]
	at org.springframework.dao.support.PersistenceExceptionTranslationInterceptor.invoke(PersistenceExceptionTranslationInterceptor.java:137) ~[spring-tx-5.3.1.jar:5.3.1]
	at org.springframework.aop.framework.ReflectiveMethodInvocation.proceed(ReflectiveMethodInvocation.java:186) ~[spring-aop-5.3.1.jar:5.3.1]
	at org.springframework.aop.framework.CglibAopProxy$CglibMethodInvocation.proceed(CglibAopProxy.java:749) ~[spring-aop-5.3.1.jar:5.3.1]
	at org.springframework.transaction.interceptor.TransactionAspectSupport.invokeWithinTransaction(TransactionAspectSupport.java:371) ~[spring-tx-5.3.1.jar:5.3.1]
	at org.springframework.transaction.interceptor.TransactionInterceptor.invoke(TransactionInterceptor.java:134) ~[spring-tx-5.3.1.jar:5.3.1]
	at org.springframework.aop.framework.ReflectiveMethodInvocation.proceed(ReflectiveMethodInvocation.java:186) ~[spring-aop-5.3.1.jar:5.3.1]
	at org.springframework.aop.framework.CglibAopProxy$CglibMethodInvocation.proceed(CglibAopProxy.java:749) ~[spring-aop-5.3.1.jar:5.3.1]
	at org.springframework.aop.framework.CglibAopProxy$DynamicAdvisedInterceptor.intercept(CglibAopProxy.java:691) ~[spring-aop-5.3.1.jar:5.3.1]
	at c.s.docs.repo.ClaimsRepo$$EnhancerBySpringCGLIB$$b9ad8ed7.fetchClaims(<generated>) ~[classes/:na]
	at c.s.docs.service.ClaimsInvLines.getClaimWithoutAttachments(ClaimsInvLines.java:136) ~[classes/:na]
	at c.s.docs.daemon.ClaimsDaemon.processClaimsWithoutAttachments(ClaimsDaemon.java:33) ~[classes/:na]
	at c.s.docs.daemon.ClaimsDaemon$$FastClassBySpringCGLIB$$26ffe1b8.invoke(<generated>) ~[classes/:na]
	at org.springframework.cglib.proxy.MethodProxy.invoke(MethodProxy.java:218) ~[spring-core-5.3.1.jar:5.3.1]
	at org.springframework.aop.framework.CglibAopProxy$CglibMethodInvocation.invokeJoinpoint(CglibAopProxy.java:771) ~[spring-aop-5.3.1.jar:5.3.1]
	at org.springframework.aop.framework.ReflectiveMethodInvocation.proceed(ReflectiveMethodInvocation.java:163) ~[spring-aop-5.3.1.jar:5.3.1]
	at org.springframework.aop.framework.CglibAopProxy$CglibMethodInvocation.proceed(CglibAopProxy.java:749) ~[spring-aop-5.3.1.jar:5.3.1]
	at org.springframework.aop.interceptor.AsyncExecutionInterceptor.lambda$invoke$0(AsyncExecutionInterceptor.java:115) ~[spring-aop-5.3.1.jar:5.3.1]
	at java.base/java.util.concurrent.FutureTask.run(FutureTask.java:317) ~[na:na]
	at java.base/java.util.concurrent.ThreadPoolExecutor.runWorker(ThreadPoolExecutor.java:1144) ~[na:na]
	at java.base/java.util.concurrent.ThreadPoolExecutor$Worker.run(ThreadPoolExecutor.java:642) ~[na:na]
	at java.base/java.lang.Thread.run(Thread.java:1589) ~[na:na]
Caused by: org.springframework.jdbc.CannotGetJdbcConnectionException: Failed to obtain JDBC Connection: Session/EntityManager is closed
	at org.springframework.jdbc.datasource.DataSourceUtils.getConnection(DataSourceUtils.java:85) ~[spring-jdbc-5.3.1.jar:5.3.1]
	at org.springframework.jdbc.support.JdbcUtils.extractDatabaseMetaData(JdbcUtils.java:337) ~[spring-jdbc-5.3.1.jar:5.3.1]
	... 37 common frames omitted

2023-11-18 10:05:03.532  WARN 1864 --- [task-1] o.s.jdbc.support.SQLErrorCodesFactory    : Error while extracting database name

org.springframework.jdbc.support.MetaDataAccessException: Could not get Connection for extracting meta-data; nested exception is org.springframework.jdbc.CannotGetJdbcConnectionException: Failed to obtain JDBC Connection: Session/EntityManager is closed
	at org.springframework.jdbc.support.JdbcUtils.extractDatabaseMetaData(JdbcUtils.java:363) ~[spring-jdbc-5.3.1.jar:5.3.1]
	at org.springframework.jdbc.support.SQLErrorCodesFactory.resolveErrorCodes(SQLErrorCodesFactory.java:235) ~[spring-jdbc-5.3.1.jar:5.3.1]
	at org.springframework.jdbc.support.SQLErrorCodeSQLExceptionTranslator.lambda$setDataSource$0(SQLErrorCodeSQLExceptionTranslator.java:140) ~[spring-jdbc-5.3.1.jar:5.3.1]
	at org.springframework.util.function.SingletonSupplier.get(SingletonSupplier.java:97) ~[spring-core-5.3.1.jar:5.3.1]
	at org.springframework.util.function.SupplierUtils.resolve(SupplierUtils.java:40) ~[spring-core-5.3.1.jar:5.3.1]
	at org.springframework.jdbc.support.SQLErrorCodeSQLExceptionTranslator.getSqlErrorCodes(SQLErrorCodeSQLExceptionTranslator.java:171) ~[spring-jdbc-5.3.1.jar:5.3.1]
	at org.springframework.jdbc.support.SQLErrorCodeSQLExceptionTranslator.doTranslate(SQLErrorCodeSQLExceptionTranslator.java:193) ~[spring-jdbc-5.3.1.jar:5.3.1]
	at org.springframework.jdbc.support.AbstractFallbackSQLExceptionTranslator.translate(AbstractFallbackSQLExceptionTranslator.java:70) ~[spring-jdbc-5.3.1.jar:5.3.1]
	at org.springframework.jdbc.core.JdbcTemplate.translateException(JdbcTemplate.java:1541) ~[spring-jdbc-5.3.1.jar:5.3.1]
	at org.springframework.jdbc.core.JdbcTemplate.execute(JdbcTemplate.java:393) ~[spring-jdbc-5.3.1.jar:5.3.1]
	at org.springframework.jdbc.core.JdbcTemplate.query(JdbcTemplate.java:465) ~[spring-jdbc-5.3.1.jar:5.3.1]
	at org.springframework.jdbc.core.JdbcTemplate.query(JdbcTemplate.java:475) ~[spring-jdbc-5.3.1.jar:5.3.1]
	at c.s.docs.repo.ClaimsRepo.fetchClaims(ClaimsRepo.java:81) ~[classes/:na]
	at c.s.docs.repo.ClaimsRepo$$FastClassBySpringCGLIB$$c814c6b8.invoke(<generated>) ~[classes/:na]
	at org.springframework.cglib.proxy.MethodProxy.invoke(MethodProxy.java:218) ~[spring-core-5.3.1.jar:5.3.1]
	at org.springframework.aop.framework.CglibAopProxy$CglibMethodInvocation.invokeJoinpoint(CglibAopProxy.java:771) ~[spring-aop-5.3.1.jar:5.3.1]
	at org.springframework.aop.framework.ReflectiveMethodInvocation.proceed(ReflectiveMethodInvocation.java:163) ~[spring-aop-5.3.1.jar:5.3.1]
	at org.springframework.aop.framework.CglibAopProxy$CglibMethodInvocation.proceed(CglibAopProxy.java:749) ~[spring-aop-5.3.1.jar:5.3.1]
	at org.springframework.dao.support.PersistenceExceptionTranslationInterceptor.invoke(PersistenceExceptionTranslationInterceptor.java:137) ~[spring-tx-5.3.1.jar:5.3.1]
	at org.springframework.aop.framework.ReflectiveMethodInvocation.proceed(ReflectiveMethodInvocation.java:186) ~[spring-aop-5.3.1.jar:5.3.1]
	at org.springframework.aop.framework.CglibAopProxy$CglibMethodInvocation.proceed(CglibAopProxy.java:749) ~[spring-aop-5.3.1.jar:5.3.1]
	at org.springframework.transaction.interceptor.TransactionAspectSupport.invokeWithinTransaction(TransactionAspectSupport.java:371) ~[spring-tx-5.3.1.jar:5.3.1]
	at org.springframework.transaction.interceptor.TransactionInterceptor.invoke(TransactionInterceptor.java:134) ~[spring-tx-5.3.1.jar:5.3.1]
	at org.springframework.aop.framework.ReflectiveMethodInvocation.proceed(ReflectiveMethodInvocation.java:186) ~[spring-aop-5.3.1.jar:5.3.1]
	at org.springframework.aop.framework.CglibAopProxy$CglibMethodInvocation.proceed(CglibAopProxy.java:749) ~[spring-aop-5.3.1.jar:5.3.1]
	at org.springframework.aop.framework.CglibAopProxy$DynamicAdvisedInterceptor.intercept(CglibAopProxy.java:691) ~[spring-aop-5.3.1.jar:5.3.1]
	at c.s.docs.repo.ClaimsRepo$$EnhancerBySpringCGLIB$$b9ad8ed7.fetchClaims(<generated>) ~[classes/:na]
	at c.s.docs.service.ClaimsInvLines.getClaimWithoutAttachments(ClaimsInvLines.java:136) ~[classes/:na]
	at c.s.docs.daemon.ClaimsDaemon.processClaimsWithoutAttachments(ClaimsDaemon.java:33) ~[classes/:na]
	at c.s.docs.daemon.ClaimsDaemon$$FastClassBySpringCGLIB$$26ffe1b8.invoke(<generated>) ~[classes/:na]
	at org.springframework.cglib.proxy.MethodProxy.invoke(MethodProxy.java:218) ~[spring-core-5.3.1.jar:5.3.1]
	at org.springframework.aop.framework.CglibAopProxy$CglibMethodInvocation.invokeJoinpoint(CglibAopProxy.java:771) ~[spring-aop-5.3.1.jar:5.3.1]
	at org.springframework.aop.framework.ReflectiveMethodInvocation.proceed(ReflectiveMethodInvocation.java:163) ~[spring-aop-5.3.1.jar:5.3.1]
	at org.springframework.aop.framework.CglibAopProxy$CglibMethodInvocation.proceed(CglibAopProxy.java:749) ~[spring-aop-5.3.1.jar:5.3.1]
	at org.springframework.aop.interceptor.AsyncExecutionInterceptor.lambda$invoke$0(AsyncExecutionInterceptor.java:115) ~[spring-aop-5.3.1.jar:5.3.1]
	at java.base/java.util.concurrent.FutureTask.run(FutureTask.java:317) ~[na:na]
	at java.base/java.util.concurrent.ThreadPoolExecutor.runWorker(ThreadPoolExecutor.java:1144) ~[na:na]
	at java.base/java.util.concurrent.ThreadPoolExecutor$Worker.run(ThreadPoolExecutor.java:642) ~[na:na]
	at java.base/java.lang.Thread.run(Thread.java:1589) ~[na:na]
Caused by: org.springframework.jdbc.CannotGetJdbcConnectionException: Failed to obtain JDBC Connection: Session/EntityManager is closed
	at org.springframework.jdbc.datasource.DataSourceUtils.getConnection(DataSourceUtils.java:85) ~[spring-jdbc-5.3.1.jar:5.3.1]
	at org.springframework.jdbc.support.JdbcUtils.extractDatabaseMetaData(JdbcUtils.java:337) ~[spring-jdbc-5.3.1.jar:5.3.1]
	... 38 common frames omitted

2023-11-18 10:05:03.549 ERROR 1864 --- [task-1] o.s.t.i.TransactionInterceptor           : Application exception overridden by rollback exception

org.springframework.beans.factory.BeanCreationNotAllowedException: Error creating bean with name 'entityManagerFactory': Singleton bean creation not allowed while singletons of this factory are in destruction (Do not request a bean from a BeanFactory in a destroy method implementation!)
	at org.springframework.beans.factory.support.DefaultSingletonBeanRegistry.getSingleton(DefaultSingletonBeanRegistry.java:220) ~[spring-beans-5.3.1.jar:5.3.1]
	at org.springframework.beans.factory.support.AbstractBeanFactory.doGetBean(AbstractBeanFactory.java:333) ~[spring-beans-5.3.1.jar:5.3.1]
	at org.springframework.beans.factory.support.AbstractBeanFactory.getBean(AbstractBeanFactory.java:208) ~[spring-beans-5.3.1.jar:5.3.1]
	at org.springframework.beans.factory.support.DefaultListableBeanFactory$1.orderedStream(DefaultListableBeanFactory.java:481) ~[spring-beans-5.3.1.jar:5.3.1]
	at org.springframework.dao.support.PersistenceExceptionTranslationInterceptor.detectPersistenceExceptionTranslators(PersistenceExceptionTranslationInterceptor.java:167) ~[spring-tx-5.3.1.jar:5.3.1]
	at org.springframework.dao.support.PersistenceExceptionTranslationInterceptor.invoke(PersistenceExceptionTranslationInterceptor.java:149) ~[spring-tx-5.3.1.jar:5.3.1]
	at org.springframework.aop.framework.ReflectiveMethodInvocation.proceed(ReflectiveMethodInvocation.java:186) ~[spring-aop-5.3.1.jar:5.3.1]
	at org.springframework.aop.framework.CglibAopProxy$CglibMethodInvocation.proceed(CglibAopProxy.java:749) ~[spring-aop-5.3.1.jar:5.3.1]
	at org.springframework.transaction.interceptor.TransactionAspectSupport.invokeWithinTransaction(TransactionAspectSupport.java:371) ~[spring-tx-5.3.1.jar:5.3.1]
	at org.springframework.transaction.interceptor.TransactionInterceptor.invoke(TransactionInterceptor.java:134) ~[spring-tx-5.3.1.jar:5.3.1]
	at org.springframework.aop.framework.ReflectiveMethodInvocation.proceed(ReflectiveMethodInvocation.java:186) ~[spring-aop-5.3.1.jar:5.3.1]
	at org.springframework.aop.framework.CglibAopProxy$CglibMethodInvocation.proceed(CglibAopProxy.java:749) ~[spring-aop-5.3.1.jar:5.3.1]
	at org.springframework.aop.framework.CglibAopProxy$DynamicAdvisedInterceptor.intercept(CglibAopProxy.java:691) ~[spring-aop-5.3.1.jar:5.3.1]
	at c.s.docs.repo.ClaimsRepo$$EnhancerBySpringCGLIB$$b9ad8ed7.fetchClaims(<generated>) ~[classes/:na]
	at c.s.docs.service.ClaimsInvLines.getClaimWithoutAttachments(ClaimsInvLines.java:136) ~[classes/:na]
	at c.s.docs.daemon.ClaimsDaemon.processClaimsWithoutAttachments(ClaimsDaemon.java:33) ~[classes/:na]
	at c.s.docs.daemon.ClaimsDaemon$$FastClassBySpringCGLIB$$26ffe1b8.invoke(<generated>) ~[classes/:na]
	at org.springframework.cglib.proxy.MethodProxy.invoke(MethodProxy.java:218) ~[spring-core-5.3.1.jar:5.3.1]
	at org.springframework.aop.framework.CglibAopProxy$CglibMethodInvocation.invokeJoinpoint(CglibAopProxy.java:771) ~[spring-aop-5.3.1.jar:5.3.1]
	at org.springframework.aop.framework.ReflectiveMethodInvocation.proceed(ReflectiveMethodInvocation.java:163) ~[spring-aop-5.3.1.jar:5.3.1]
	at org.springframework.aop.framework.CglibAopProxy$CglibMethodInvocation.proceed(CglibAopProxy.java:749) ~[spring-aop-5.3.1.jar:5.3.1]
	at org.springframework.aop.interceptor.AsyncExecutionInterceptor.lambda$invoke$0(AsyncExecutionInterceptor.java:115) ~[spring-aop-5.3.1.jar:5.3.1]
	at java.base/java.util.concurrent.FutureTask.run(FutureTask.java:317) ~[na:na]
	at java.base/java.util.concurrent.ThreadPoolExecutor.runWorker(ThreadPoolExecutor.java:1144) ~[na:na]
	at java.base/java.util.concurrent.ThreadPoolExecutor$Worker.run(ThreadPoolExecutor.java:642) ~[na:na]
	at java.base/java.lang.Thread.run(Thread.java:1589) ~[na:na]

2023-11-18 10:05:03.560  INFO 1864 --- [task-1] c.s.docs.service.ClaimsInvLines          : End UAP Create Documents
2023-11-18 10:05:03.694  INFO 1864 --- [SpringContextShutdownHook] com.zaxxer.hikari.HikariDataSource       : HikariPool-1 - Shutdown completed.
2023-11-18 12:47:21.780  INFO 30092 --- [main] c.s.docs.DocsIntegrationApplication      : Starting DocsIntegrationApplication using Java 11.0.17 on LP-TECH-8LFF with PID 30092 (C:\Users\dennis.rono\IdeaProjects\smart_projects\Doc Integration\edi-doc-integration-ug\target\classes started by Dennis.Rono in C:\Users\dennis.rono\IdeaProjects\smart_projects\Doc Integration\edi-doc-integration-ug)
2023-11-18 12:47:21.798  INFO 30092 --- [main] c.s.docs.DocsIntegrationApplication      : The following profiles are active: qa
2023-11-18 12:47:23.591  INFO 30092 --- [main] .s.d.r.c.RepositoryConfigurationDelegate : Bootstrapping Spring Data JPA repositories in DEFAULT mode.
2023-11-18 12:47:23.618  INFO 30092 --- [main] .s.d.r.c.RepositoryConfigurationDelegate : Finished Spring Data repository scanning in 9 ms. Found 0 JPA repository interfaces.
2023-11-18 12:47:25.100  INFO 30092 --- [main] o.s.b.w.embedded.tomcat.TomcatWebServer  : Tomcat initialized with port(s): 8401 (http)
2023-11-18 12:47:25.116  INFO 30092 --- [main] o.apache.catalina.core.StandardService   : Starting service [Tomcat]
2023-11-18 12:47:25.116  INFO 30092 --- [main] org.apache.catalina.core.StandardEngine  : Starting Servlet engine: [Apache Tomcat/9.0.39]
2023-11-18 12:47:25.581  INFO 30092 --- [main] o.a.c.c.C.[Tomcat].[localhost].[/]       : Initializing Spring embedded WebApplicationContext
2023-11-18 12:47:25.581  INFO 30092 --- [main] w.s.c.ServletWebServerApplicationContext : Root WebApplicationContext: initialization completed in 3222 ms
2023-11-18 12:47:26.090  INFO 30092 --- [main] o.hibernate.jpa.internal.util.LogHelper  : HHH000204: Processing PersistenceUnitInfo [name: docs]
2023-11-18 12:47:26.181  INFO 30092 --- [main] org.hibernate.Version                    : HHH000412: Hibernate ORM core version 5.4.23.Final
2023-11-18 12:47:26.370  INFO 30092 --- [main] o.hibernate.annotations.common.Version   : HCANN000001: Hibernate Commons Annotations {5.1.2.Final}
2023-11-18 12:47:26.691  INFO 30092 --- [main] com.zaxxer.hikari.HikariDataSource       : HikariPool-1 - Starting...
2023-11-18 12:47:27.963 ERROR 30092 --- [main] com.zaxxer.hikari.pool.HikariPool        : HikariPool-1 - Exception during pool initialization.

java.sql.SQLRecoverableException: IO Error: Unknown host specified  (CONNECTION_ID=EWmVkde+SrSS7wrxrIE8DQ==)
	at oracle.jdbc.driver.T4CConnection.handleLogonNetException(T4CConnection.java:870) ~[ojdbc8-21.1.0.0.jar:21.1.0.0.0]
	at oracle.jdbc.driver.T4CConnection.logon(T4CConnection.java:675) ~[ojdbc8-21.1.0.0.jar:21.1.0.0.0]
	at oracle.jdbc.driver.PhysicalConnection.connect(PhysicalConnection.java:1032) ~[ojdbc8-21.1.0.0.jar:21.1.0.0.0]
	at oracle.jdbc.driver.T4CDriverExtension.getConnection(T4CDriverExtension.java:90) ~[ojdbc8-21.1.0.0.jar:21.1.0.0.0]
	at oracle.jdbc.driver.OracleDriver.connect(OracleDriver.java:681) ~[ojdbc8-21.1.0.0.jar:21.1.0.0.0]
	at oracle.jdbc.driver.OracleDriver.connect(OracleDriver.java:602) ~[ojdbc8-21.1.0.0.jar:21.1.0.0.0]
	at com.zaxxer.hikari.util.DriverDataSource.getConnection(DriverDataSource.java:138) ~[HikariCP-3.4.5.jar:na]
	at com.zaxxer.hikari.pool.PoolBase.newConnection(PoolBase.java:358) ~[HikariCP-3.4.5.jar:na]
	at com.zaxxer.hikari.pool.PoolBase.newPoolEntry(PoolBase.java:206) ~[HikariCP-3.4.5.jar:na]
	at com.zaxxer.hikari.pool.HikariPool.createPoolEntry(HikariPool.java:477) ~[HikariCP-3.4.5.jar:na]
	at com.zaxxer.hikari.pool.HikariPool.checkFailFast(HikariPool.java:560) ~[HikariCP-3.4.5.jar:na]
	at com.zaxxer.hikari.pool.HikariPool.<init>(HikariPool.java:115) ~[HikariCP-3.4.5.jar:na]
	at com.zaxxer.hikari.HikariDataSource.getConnection(HikariDataSource.java:112) ~[HikariCP-3.4.5.jar:na]
	at org.hibernate.engine.jdbc.connections.internal.DatasourceConnectionProviderImpl.getConnection(DatasourceConnectionProviderImpl.java:122) ~[hibernate-core-5.4.23.Final.jar:5.4.23.Final]
	at org.hibernate.engine.jdbc.env.internal.JdbcEnvironmentInitiator$ConnectionProviderJdbcConnectionAccess.obtainConnection(JdbcEnvironmentInitiator.java:180) ~[hibernate-core-5.4.23.Final.jar:5.4.23.Final]
	at org.hibernate.engine.jdbc.env.internal.JdbcEnvironmentInitiator.initiateService(JdbcEnvironmentInitiator.java:68) ~[hibernate-core-5.4.23.Final.jar:5.4.23.Final]
	at org.hibernate.engine.jdbc.env.internal.JdbcEnvironmentInitiator.initiateService(JdbcEnvironmentInitiator.java:35) ~[hibernate-core-5.4.23.Final.jar:5.4.23.Final]
	at org.hibernate.boot.registry.internal.StandardServiceRegistryImpl.initiateService(StandardServiceRegistryImpl.java:101) ~[hibernate-core-5.4.23.Final.jar:5.4.23.Final]
	at org.hibernate.service.internal.AbstractServiceRegistryImpl.createService(AbstractServiceRegistryImpl.java:263) ~[hibernate-core-5.4.23.Final.jar:5.4.23.Final]
	at org.hibernate.service.internal.AbstractServiceRegistryImpl.initializeService(AbstractServiceRegistryImpl.java:237) ~[hibernate-core-5.4.23.Final.jar:5.4.23.Final]
	at org.hibernate.service.internal.AbstractServiceRegistryImpl.getService(AbstractServiceRegistryImpl.java:214) ~[hibernate-core-5.4.23.Final.jar:5.4.23.Final]
	at org.hibernate.id.factory.internal.DefaultIdentifierGeneratorFactory.injectServices(DefaultIdentifierGeneratorFactory.java:152) ~[hibernate-core-5.4.23.Final.jar:5.4.23.Final]
	at org.hibernate.service.internal.AbstractServiceRegistryImpl.injectDependencies(AbstractServiceRegistryImpl.java:286) ~[hibernate-core-5.4.23.Final.jar:5.4.23.Final]
	at org.hibernate.service.internal.AbstractServiceRegistryImpl.initializeService(AbstractServiceRegistryImpl.java:243) ~[hibernate-core-5.4.23.Final.jar:5.4.23.Final]
	at org.hibernate.service.internal.AbstractServiceRegistryImpl.getService(AbstractServiceRegistryImpl.java:214) ~[hibernate-core-5.4.23.Final.jar:5.4.23.Final]
	at org.hibernate.boot.internal.InFlightMetadataCollectorImpl.<init>(InFlightMetadataCollectorImpl.java:176) ~[hibernate-core-5.4.23.Final.jar:5.4.23.Final]
	at org.hibernate.boot.model.process.spi.MetadataBuildingProcess.complete(MetadataBuildingProcess.java:118) ~[hibernate-core-5.4.23.Final.jar:5.4.23.Final]
	at org.hibernate.jpa.boot.internal.EntityManagerFactoryBuilderImpl.metadata(EntityManagerFactoryBuilderImpl.java:1224) ~[hibernate-core-5.4.23.Final.jar:5.4.23.Final]
	at org.hibernate.jpa.boot.internal.EntityManagerFactoryBuilderImpl.build(EntityManagerFactoryBuilderImpl.java:1255) ~[hibernate-core-5.4.23.Final.jar:5.4.23.Final]
	at org.springframework.orm.jpa.vendor.SpringHibernateJpaPersistenceProvider.createContainerEntityManagerFactory(SpringHibernateJpaPersistenceProvider.java:58) ~[spring-orm-5.3.1.jar:5.3.1]
	at org.springframework.orm.jpa.LocalContainerEntityManagerFactoryBean.createNativeEntityManagerFactory(LocalContainerEntityManagerFactoryBean.java:365) ~[spring-orm-5.3.1.jar:5.3.1]
	at org.springframework.orm.jpa.AbstractEntityManagerFactoryBean.buildNativeEntityManagerFactory(AbstractEntityManagerFactoryBean.java:409) ~[spring-orm-5.3.1.jar:5.3.1]
	at org.springframework.orm.jpa.AbstractEntityManagerFactoryBean.afterPropertiesSet(AbstractEntityManagerFactoryBean.java:396) ~[spring-orm-5.3.1.jar:5.3.1]
	at org.springframework.orm.jpa.LocalContainerEntityManagerFactoryBean.afterPropertiesSet(LocalContainerEntityManagerFactoryBean.java:341) ~[spring-orm-5.3.1.jar:5.3.1]
	at org.springframework.beans.factory.support.AbstractAutowireCapableBeanFactory.invokeInitMethods(AbstractAutowireCapableBeanFactory.java:1847) ~[spring-beans-5.3.1.jar:5.3.1]
	at org.springframework.beans.factory.support.AbstractAutowireCapableBeanFactory.initializeBean(AbstractAutowireCapableBeanFactory.java:1784) ~[spring-beans-5.3.1.jar:5.3.1]
	at org.springframework.beans.factory.support.AbstractAutowireCapableBeanFactory.doCreateBean(AbstractAutowireCapableBeanFactory.java:609) ~[spring-beans-5.3.1.jar:5.3.1]
	at org.springframework.beans.factory.support.AbstractAutowireCapableBeanFactory.createBean(AbstractAutowireCapableBeanFactory.java:531) ~[spring-beans-5.3.1.jar:5.3.1]
	at org.springframework.beans.factory.support.AbstractBeanFactory.lambda$doGetBean$0(AbstractBeanFactory.java:335) ~[spring-beans-5.3.1.jar:5.3.1]
	at org.springframework.beans.factory.support.DefaultSingletonBeanRegistry.getSingleton(DefaultSingletonBeanRegistry.java:234) ~[spring-beans-5.3.1.jar:5.3.1]
	at org.springframework.beans.factory.support.AbstractBeanFactory.doGetBean(AbstractBeanFactory.java:333) ~[spring-beans-5.3.1.jar:5.3.1]
	at org.springframework.beans.factory.support.AbstractBeanFactory.getBean(AbstractBeanFactory.java:208) ~[spring-beans-5.3.1.jar:5.3.1]
	at org.springframework.context.support.AbstractApplicationContext.getBean(AbstractApplicationContext.java:1161) ~[spring-context-5.3.1.jar:5.3.1]
	at org.springframework.context.support.AbstractApplicationContext.finishBeanFactoryInitialization(AbstractApplicationContext.java:915) ~[spring-context-5.3.1.jar:5.3.1]
	at org.springframework.context.support.AbstractApplicationContext.refresh(AbstractApplicationContext.java:588) ~[spring-context-5.3.1.jar:5.3.1]
	at org.springframework.boot.web.servlet.context.ServletWebServerApplicationContext.refresh(ServletWebServerApplicationContext.java:144) ~[spring-boot-2.4.0.jar:2.4.0]
	at org.springframework.boot.SpringApplication.refresh(SpringApplication.java:767) ~[spring-boot-2.4.0.jar:2.4.0]
	at org.springframework.boot.SpringApplication.refresh(SpringApplication.java:759) ~[spring-boot-2.4.0.jar:2.4.0]
	at org.springframework.boot.SpringApplication.refreshContext(SpringApplication.java:426) ~[spring-boot-2.4.0.jar:2.4.0]
	at org.springframework.boot.SpringApplication.run(SpringApplication.java:326) ~[spring-boot-2.4.0.jar:2.4.0]
	at org.springframework.boot.SpringApplication.run(SpringApplication.java:1309) ~[spring-boot-2.4.0.jar:2.4.0]
	at org.springframework.boot.SpringApplication.run(SpringApplication.java:1298) ~[spring-boot-2.4.0.jar:2.4.0]
	at c.s.docs.DocsIntegrationApplication.main(DocsIntegrationApplication.java:26) ~[classes/:na]
Caused by: oracle.net.ns.NetException: Unknown host specified  (CONNECTION_ID=EWmVkde+SrSS7wrxrIE8DQ==)
	at oracle.net.resolver.HostnameNamingAdapter.resolve(HostnameNamingAdapter.java:218) ~[ojdbc8-21.1.0.0.jar:21.1.0.0.0]
	at oracle.net.resolver.NameResolver.resolveName(NameResolver.java:153) ~[ojdbc8-21.1.0.0.jar:21.1.0.0.0]
	at oracle.net.resolver.AddrResolution.resolveTNSAddress(AddrResolution.java:680) ~[ojdbc8-21.1.0.0.jar:21.1.0.0.0]
	at oracle.net.resolver.AddrResolution.resolveAndExecute(AddrResolution.java:559) ~[ojdbc8-21.1.0.0.jar:21.1.0.0.0]
	at oracle.net.ns.NSProtocol.establishConnection(NSProtocol.java:937) ~[ojdbc8-21.1.0.0.jar:21.1.0.0.0]
	at oracle.net.ns.NSProtocol.connect(NSProtocol.java:346) ~[ojdbc8-21.1.0.0.jar:21.1.0.0.0]
	at oracle.jdbc.driver.T4CConnection.connect(T4CConnection.java:1967) ~[ojdbc8-21.1.0.0.jar:21.1.0.0.0]
	at oracle.jdbc.driver.T4CConnection.logon(T4CConnection.java:640) ~[ojdbc8-21.1.0.0.jar:21.1.0.0.0]
	... 51 common frames omitted

2023-11-18 12:47:27.974  WARN 30092 --- [main] o.h.e.j.e.i.JdbcEnvironmentInitiator     : HHH000342: Could not obtain connection to query metadata

java.sql.SQLRecoverableException: IO Error: Unknown host specified  (CONNECTION_ID=EWmVkde+SrSS7wrxrIE8DQ==)
	at oracle.jdbc.driver.T4CConnection.handleLogonNetException(T4CConnection.java:870) ~[ojdbc8-21.1.0.0.jar:21.1.0.0.0]
	at oracle.jdbc.driver.T4CConnection.logon(T4CConnection.java:675) ~[ojdbc8-21.1.0.0.jar:21.1.0.0.0]
	at oracle.jdbc.driver.PhysicalConnection.connect(PhysicalConnection.java:1032) ~[ojdbc8-21.1.0.0.jar:21.1.0.0.0]
	at oracle.jdbc.driver.T4CDriverExtension.getConnection(T4CDriverExtension.java:90) ~[ojdbc8-21.1.0.0.jar:21.1.0.0.0]
	at oracle.jdbc.driver.OracleDriver.connect(OracleDriver.java:681) ~[ojdbc8-21.1.0.0.jar:21.1.0.0.0]
	at oracle.jdbc.driver.OracleDriver.connect(OracleDriver.java:602) ~[ojdbc8-21.1.0.0.jar:21.1.0.0.0]
	at com.zaxxer.hikari.util.DriverDataSource.getConnection(DriverDataSource.java:138) ~[HikariCP-3.4.5.jar:na]
	at com.zaxxer.hikari.pool.PoolBase.newConnection(PoolBase.java:358) ~[HikariCP-3.4.5.jar:na]
	at com.zaxxer.hikari.pool.PoolBase.newPoolEntry(PoolBase.java:206) ~[HikariCP-3.4.5.jar:na]
	at com.zaxxer.hikari.pool.HikariPool.createPoolEntry(HikariPool.java:477) ~[HikariCP-3.4.5.jar:na]
	at com.zaxxer.hikari.pool.HikariPool.checkFailFast(HikariPool.java:560) ~[HikariCP-3.4.5.jar:na]
	at com.zaxxer.hikari.pool.HikariPool.<init>(HikariPool.java:115) ~[HikariCP-3.4.5.jar:na]
	at com.zaxxer.hikari.HikariDataSource.getConnection(HikariDataSource.java:112) ~[HikariCP-3.4.5.jar:na]
	at org.hibernate.engine.jdbc.connections.internal.DatasourceConnectionProviderImpl.getConnection(DatasourceConnectionProviderImpl.java:122) ~[hibernate-core-5.4.23.Final.jar:5.4.23.Final]
	at org.hibernate.engine.jdbc.env.internal.JdbcEnvironmentInitiator$ConnectionProviderJdbcConnectionAccess.obtainConnection(JdbcEnvironmentInitiator.java:180) ~[hibernate-core-5.4.23.Final.jar:5.4.23.Final]
	at org.hibernate.engine.jdbc.env.internal.JdbcEnvironmentInitiator.initiateService(JdbcEnvironmentInitiator.java:68) ~[hibernate-core-5.4.23.Final.jar:5.4.23.Final]
	at org.hibernate.engine.jdbc.env.internal.JdbcEnvironmentInitiator.initiateService(JdbcEnvironmentInitiator.java:35) ~[hibernate-core-5.4.23.Final.jar:5.4.23.Final]
	at org.hibernate.boot.registry.internal.StandardServiceRegistryImpl.initiateService(StandardServiceRegistryImpl.java:101) ~[hibernate-core-5.4.23.Final.jar:5.4.23.Final]
	at org.hibernate.service.internal.AbstractServiceRegistryImpl.createService(AbstractServiceRegistryImpl.java:263) ~[hibernate-core-5.4.23.Final.jar:5.4.23.Final]
	at org.hibernate.service.internal.AbstractServiceRegistryImpl.initializeService(AbstractServiceRegistryImpl.java:237) ~[hibernate-core-5.4.23.Final.jar:5.4.23.Final]
	at org.hibernate.service.internal.AbstractServiceRegistryImpl.getService(AbstractServiceRegistryImpl.java:214) ~[hibernate-core-5.4.23.Final.jar:5.4.23.Final]
	at org.hibernate.id.factory.internal.DefaultIdentifierGeneratorFactory.injectServices(DefaultIdentifierGeneratorFactory.java:152) ~[hibernate-core-5.4.23.Final.jar:5.4.23.Final]
	at org.hibernate.service.internal.AbstractServiceRegistryImpl.injectDependencies(AbstractServiceRegistryImpl.java:286) ~[hibernate-core-5.4.23.Final.jar:5.4.23.Final]
	at org.hibernate.service.internal.AbstractServiceRegistryImpl.initializeService(AbstractServiceRegistryImpl.java:243) ~[hibernate-core-5.4.23.Final.jar:5.4.23.Final]
	at org.hibernate.service.internal.AbstractServiceRegistryImpl.getService(AbstractServiceRegistryImpl.java:214) ~[hibernate-core-5.4.23.Final.jar:5.4.23.Final]
	at org.hibernate.boot.internal.InFlightMetadataCollectorImpl.<init>(InFlightMetadataCollectorImpl.java:176) ~[hibernate-core-5.4.23.Final.jar:5.4.23.Final]
	at org.hibernate.boot.model.process.spi.MetadataBuildingProcess.complete(MetadataBuildingProcess.java:118) ~[hibernate-core-5.4.23.Final.jar:5.4.23.Final]
	at org.hibernate.jpa.boot.internal.EntityManagerFactoryBuilderImpl.metadata(EntityManagerFactoryBuilderImpl.java:1224) ~[hibernate-core-5.4.23.Final.jar:5.4.23.Final]
	at org.hibernate.jpa.boot.internal.EntityManagerFactoryBuilderImpl.build(EntityManagerFactoryBuilderImpl.java:1255) ~[hibernate-core-5.4.23.Final.jar:5.4.23.Final]
	at org.springframework.orm.jpa.vendor.SpringHibernateJpaPersistenceProvider.createContainerEntityManagerFactory(SpringHibernateJpaPersistenceProvider.java:58) ~[spring-orm-5.3.1.jar:5.3.1]
	at org.springframework.orm.jpa.LocalContainerEntityManagerFactoryBean.createNativeEntityManagerFactory(LocalContainerEntityManagerFactoryBean.java:365) ~[spring-orm-5.3.1.jar:5.3.1]
	at org.springframework.orm.jpa.AbstractEntityManagerFactoryBean.buildNativeEntityManagerFactory(AbstractEntityManagerFactoryBean.java:409) ~[spring-orm-5.3.1.jar:5.3.1]
	at org.springframework.orm.jpa.AbstractEntityManagerFactoryBean.afterPropertiesSet(AbstractEntityManagerFactoryBean.java:396) ~[spring-orm-5.3.1.jar:5.3.1]
	at org.springframework.orm.jpa.LocalContainerEntityManagerFactoryBean.afterPropertiesSet(LocalContainerEntityManagerFactoryBean.java:341) ~[spring-orm-5.3.1.jar:5.3.1]
	at org.springframework.beans.factory.support.AbstractAutowireCapableBeanFactory.invokeInitMethods(AbstractAutowireCapableBeanFactory.java:1847) ~[spring-beans-5.3.1.jar:5.3.1]
	at org.springframework.beans.factory.support.AbstractAutowireCapableBeanFactory.initializeBean(AbstractAutowireCapableBeanFactory.java:1784) ~[spring-beans-5.3.1.jar:5.3.1]
	at org.springframework.beans.factory.support.AbstractAutowireCapableBeanFactory.doCreateBean(AbstractAutowireCapableBeanFactory.java:609) ~[spring-beans-5.3.1.jar:5.3.1]
	at org.springframework.beans.factory.support.AbstractAutowireCapableBeanFactory.createBean(AbstractAutowireCapableBeanFactory.java:531) ~[spring-beans-5.3.1.jar:5.3.1]
	at org.springframework.beans.factory.support.AbstractBeanFactory.lambda$doGetBean$0(AbstractBeanFactory.java:335) ~[spring-beans-5.3.1.jar:5.3.1]
	at org.springframework.beans.factory.support.DefaultSingletonBeanRegistry.getSingleton(DefaultSingletonBeanRegistry.java:234) ~[spring-beans-5.3.1.jar:5.3.1]
	at org.springframework.beans.factory.support.AbstractBeanFactory.doGetBean(AbstractBeanFactory.java:333) ~[spring-beans-5.3.1.jar:5.3.1]
	at org.springframework.beans.factory.support.AbstractBeanFactory.getBean(AbstractBeanFactory.java:208) ~[spring-beans-5.3.1.jar:5.3.1]
	at org.springframework.context.support.AbstractApplicationContext.getBean(AbstractApplicationContext.java:1161) ~[spring-context-5.3.1.jar:5.3.1]
	at org.springframework.context.support.AbstractApplicationContext.finishBeanFactoryInitialization(AbstractApplicationContext.java:915) ~[spring-context-5.3.1.jar:5.3.1]
	at org.springframework.context.support.AbstractApplicationContext.refresh(AbstractApplicationContext.java:588) ~[spring-context-5.3.1.jar:5.3.1]
	at org.springframework.boot.web.servlet.context.ServletWebServerApplicationContext.refresh(ServletWebServerApplicationContext.java:144) ~[spring-boot-2.4.0.jar:2.4.0]
	at org.springframework.boot.SpringApplication.refresh(SpringApplication.java:767) ~[spring-boot-2.4.0.jar:2.4.0]
	at org.springframework.boot.SpringApplication.refresh(SpringApplication.java:759) ~[spring-boot-2.4.0.jar:2.4.0]
	at org.springframework.boot.SpringApplication.refreshContext(SpringApplication.java:426) ~[spring-boot-2.4.0.jar:2.4.0]
	at org.springframework.boot.SpringApplication.run(SpringApplication.java:326) ~[spring-boot-2.4.0.jar:2.4.0]
	at org.springframework.boot.SpringApplication.run(SpringApplication.java:1309) ~[spring-boot-2.4.0.jar:2.4.0]
	at org.springframework.boot.SpringApplication.run(SpringApplication.java:1298) ~[spring-boot-2.4.0.jar:2.4.0]
	at c.s.docs.DocsIntegrationApplication.main(DocsIntegrationApplication.java:26) ~[classes/:na]
Caused by: oracle.net.ns.NetException: Unknown host specified  (CONNECTION_ID=EWmVkde+SrSS7wrxrIE8DQ==)
	at oracle.net.resolver.HostnameNamingAdapter.resolve(HostnameNamingAdapter.java:218) ~[ojdbc8-21.1.0.0.jar:21.1.0.0.0]
	at oracle.net.resolver.NameResolver.resolveName(NameResolver.java:153) ~[ojdbc8-21.1.0.0.jar:21.1.0.0.0]
	at oracle.net.resolver.AddrResolution.resolveTNSAddress(AddrResolution.java:680) ~[ojdbc8-21.1.0.0.jar:21.1.0.0.0]
	at oracle.net.resolver.AddrResolution.resolveAndExecute(AddrResolution.java:559) ~[ojdbc8-21.1.0.0.jar:21.1.0.0.0]
	at oracle.net.ns.NSProtocol.establishConnection(NSProtocol.java:937) ~[ojdbc8-21.1.0.0.jar:21.1.0.0.0]
	at oracle.net.ns.NSProtocol.connect(NSProtocol.java:346) ~[ojdbc8-21.1.0.0.jar:21.1.0.0.0]
	at oracle.jdbc.driver.T4CConnection.connect(T4CConnection.java:1967) ~[ojdbc8-21.1.0.0.jar:21.1.0.0.0]
	at oracle.jdbc.driver.T4CConnection.logon(T4CConnection.java:640) ~[ojdbc8-21.1.0.0.jar:21.1.0.0.0]
	... 51 common frames omitted

2023-11-18 12:47:27.988  WARN 30092 --- [main] ConfigServletWebServerApplicationContext : Exception encountered during context initialization - cancelling refresh attempt: org.springframework.beans.factory.BeanCreationException: Error creating bean with name 'entityManagerFactory' defined in class path resource [c/s/docs/configs/AbacusDbConfig.class]: Invocation of init method failed; nested exception is org.hibernate.service.spi.ServiceException: Unable to create requested service [org.hibernate.engine.jdbc.env.spi.JdbcEnvironment]
2023-11-18 12:47:28.035  INFO 30092 --- [main] o.apache.catalina.core.StandardService   : Stopping service [Tomcat]
2023-11-18 12:47:28.081  INFO 30092 --- [main] ConditionEvaluationReportLoggingListener : 

Error starting ApplicationContext. To display the conditions report re-run your application with 'debug' enabled.
2023-11-18 12:47:28.124 ERROR 30092 --- [main] o.s.boot.SpringApplication               : Application run failed

org.springframework.beans.factory.BeanCreationException: Error creating bean with name 'entityManagerFactory' defined in class path resource [c/s/docs/configs/AbacusDbConfig.class]: Invocation of init method failed; nested exception is org.hibernate.service.spi.ServiceException: Unable to create requested service [org.hibernate.engine.jdbc.env.spi.JdbcEnvironment]
	at org.springframework.beans.factory.support.AbstractAutowireCapableBeanFactory.initializeBean(AbstractAutowireCapableBeanFactory.java:1788) ~[spring-beans-5.3.1.jar:5.3.1]
	at org.springframework.beans.factory.support.AbstractAutowireCapableBeanFactory.doCreateBean(AbstractAutowireCapableBeanFactory.java:609) ~[spring-beans-5.3.1.jar:5.3.1]
	at org.springframework.beans.factory.support.AbstractAutowireCapableBeanFactory.createBean(AbstractAutowireCapableBeanFactory.java:531) ~[spring-beans-5.3.1.jar:5.3.1]
	at org.springframework.beans.factory.support.AbstractBeanFactory.lambda$doGetBean$0(AbstractBeanFactory.java:335) ~[spring-beans-5.3.1.jar:5.3.1]
	at org.springframework.beans.factory.support.DefaultSingletonBeanRegistry.getSingleton(DefaultSingletonBeanRegistry.java:234) ~[spring-beans-5.3.1.jar:5.3.1]
	at org.springframework.beans.factory.support.AbstractBeanFactory.doGetBean(AbstractBeanFactory.java:333) ~[spring-beans-5.3.1.jar:5.3.1]
	at org.springframework.beans.factory.support.AbstractBeanFactory.getBean(AbstractBeanFactory.java:208) ~[spring-beans-5.3.1.jar:5.3.1]
	at org.springframework.context.support.AbstractApplicationContext.getBean(AbstractApplicationContext.java:1161) ~[spring-context-5.3.1.jar:5.3.1]
	at org.springframework.context.support.AbstractApplicationContext.finishBeanFactoryInitialization(AbstractApplicationContext.java:915) ~[spring-context-5.3.1.jar:5.3.1]
	at org.springframework.context.support.AbstractApplicationContext.refresh(AbstractApplicationContext.java:588) ~[spring-context-5.3.1.jar:5.3.1]
	at org.springframework.boot.web.servlet.context.ServletWebServerApplicationContext.refresh(ServletWebServerApplicationContext.java:144) ~[spring-boot-2.4.0.jar:2.4.0]
	at org.springframework.boot.SpringApplication.refresh(SpringApplication.java:767) ~[spring-boot-2.4.0.jar:2.4.0]
	at org.springframework.boot.SpringApplication.refresh(SpringApplication.java:759) ~[spring-boot-2.4.0.jar:2.4.0]
	at org.springframework.boot.SpringApplication.refreshContext(SpringApplication.java:426) ~[spring-boot-2.4.0.jar:2.4.0]
	at org.springframework.boot.SpringApplication.run(SpringApplication.java:326) ~[spring-boot-2.4.0.jar:2.4.0]
	at org.springframework.boot.SpringApplication.run(SpringApplication.java:1309) ~[spring-boot-2.4.0.jar:2.4.0]
	at org.springframework.boot.SpringApplication.run(SpringApplication.java:1298) ~[spring-boot-2.4.0.jar:2.4.0]
	at c.s.docs.DocsIntegrationApplication.main(DocsIntegrationApplication.java:26) ~[classes/:na]
Caused by: org.hibernate.service.spi.ServiceException: Unable to create requested service [org.hibernate.engine.jdbc.env.spi.JdbcEnvironment]
	at org.hibernate.service.internal.AbstractServiceRegistryImpl.createService(AbstractServiceRegistryImpl.java:275) ~[hibernate-core-5.4.23.Final.jar:5.4.23.Final]
	at org.hibernate.service.internal.AbstractServiceRegistryImpl.initializeService(AbstractServiceRegistryImpl.java:237) ~[hibernate-core-5.4.23.Final.jar:5.4.23.Final]
	at org.hibernate.service.internal.AbstractServiceRegistryImpl.getService(AbstractServiceRegistryImpl.java:214) ~[hibernate-core-5.4.23.Final.jar:5.4.23.Final]
	at org.hibernate.id.factory.internal.DefaultIdentifierGeneratorFactory.injectServices(DefaultIdentifierGeneratorFactory.java:152) ~[hibernate-core-5.4.23.Final.jar:5.4.23.Final]
	at org.hibernate.service.internal.AbstractServiceRegistryImpl.injectDependencies(AbstractServiceRegistryImpl.java:286) ~[hibernate-core-5.4.23.Final.jar:5.4.23.Final]
	at org.hibernate.service.internal.AbstractServiceRegistryImpl.initializeService(AbstractServiceRegistryImpl.java:243) ~[hibernate-core-5.4.23.Final.jar:5.4.23.Final]
	at org.hibernate.service.internal.AbstractServiceRegistryImpl.getService(AbstractServiceRegistryImpl.java:214) ~[hibernate-core-5.4.23.Final.jar:5.4.23.Final]
	at org.hibernate.boot.internal.InFlightMetadataCollectorImpl.<init>(InFlightMetadataCollectorImpl.java:176) ~[hibernate-core-5.4.23.Final.jar:5.4.23.Final]
	at org.hibernate.boot.model.process.spi.MetadataBuildingProcess.complete(MetadataBuildingProcess.java:118) ~[hibernate-core-5.4.23.Final.jar:5.4.23.Final]
	at org.hibernate.jpa.boot.internal.EntityManagerFactoryBuilderImpl.metadata(EntityManagerFactoryBuilderImpl.java:1224) ~[hibernate-core-5.4.23.Final.jar:5.4.23.Final]
	at org.hibernate.jpa.boot.internal.EntityManagerFactoryBuilderImpl.build(EntityManagerFactoryBuilderImpl.java:1255) ~[hibernate-core-5.4.23.Final.jar:5.4.23.Final]
	at org.springframework.orm.jpa.vendor.SpringHibernateJpaPersistenceProvider.createContainerEntityManagerFactory(SpringHibernateJpaPersistenceProvider.java:58) ~[spring-orm-5.3.1.jar:5.3.1]
	at org.springframework.orm.jpa.LocalContainerEntityManagerFactoryBean.createNativeEntityManagerFactory(LocalContainerEntityManagerFactoryBean.java:365) ~[spring-orm-5.3.1.jar:5.3.1]
	at org.springframework.orm.jpa.AbstractEntityManagerFactoryBean.buildNativeEntityManagerFactory(AbstractEntityManagerFactoryBean.java:409) ~[spring-orm-5.3.1.jar:5.3.1]
	at org.springframework.orm.jpa.AbstractEntityManagerFactoryBean.afterPropertiesSet(AbstractEntityManagerFactoryBean.java:396) ~[spring-orm-5.3.1.jar:5.3.1]
	at org.springframework.orm.jpa.LocalContainerEntityManagerFactoryBean.afterPropertiesSet(LocalContainerEntityManagerFactoryBean.java:341) ~[spring-orm-5.3.1.jar:5.3.1]
	at org.springframework.beans.factory.support.AbstractAutowireCapableBeanFactory.invokeInitMethods(AbstractAutowireCapableBeanFactory.java:1847) ~[spring-beans-5.3.1.jar:5.3.1]
	at org.springframework.beans.factory.support.AbstractAutowireCapableBeanFactory.initializeBean(AbstractAutowireCapableBeanFactory.java:1784) ~[spring-beans-5.3.1.jar:5.3.1]
	... 17 common frames omitted
Caused by: org.hibernate.HibernateException: Access to DialectResolutionInfo cannot be null when 'hibernate.dialect' not set
	at org.hibernate.engine.jdbc.dialect.internal.DialectFactoryImpl.determineDialect(DialectFactoryImpl.java:100) ~[hibernate-core-5.4.23.Final.jar:5.4.23.Final]
	at org.hibernate.engine.jdbc.dialect.internal.DialectFactoryImpl.buildDialect(DialectFactoryImpl.java:54) ~[hibernate-core-5.4.23.Final.jar:5.4.23.Final]
	at org.hibernate.engine.jdbc.env.internal.JdbcEnvironmentInitiator.initiateService(JdbcEnvironmentInitiator.java:137) ~[hibernate-core-5.4.23.Final.jar:5.4.23.Final]
	at org.hibernate.engine.jdbc.env.internal.JdbcEnvironmentInitiator.initiateService(JdbcEnvironmentInitiator.java:35) ~[hibernate-core-5.4.23.Final.jar:5.4.23.Final]
	at org.hibernate.boot.registry.internal.StandardServiceRegistryImpl.initiateService(StandardServiceRegistryImpl.java:101) ~[hibernate-core-5.4.23.Final.jar:5.4.23.Final]
	at org.hibernate.service.internal.AbstractServiceRegistryImpl.createService(AbstractServiceRegistryImpl.java:263) ~[hibernate-core-5.4.23.Final.jar:5.4.23.Final]
	... 34 common frames omitted

2023-11-18 12:57:07.907  INFO 21244 --- [main] c.s.docs.DocsIntegrationApplication      : Starting DocsIntegrationApplication using Java 11.0.17 on LP-TECH-8LFF with PID 21244 (C:\Users\dennis.rono\IdeaProjects\smart_projects\Doc Integration\edi-doc-integration-ug\target\classes started by Dennis.Rono in C:\Users\dennis.rono\IdeaProjects\smart_projects\Doc Integration\edi-doc-integration-ug)
2023-11-18 12:57:07.911  INFO 21244 --- [main] c.s.docs.DocsIntegrationApplication      : The following profiles are active: qa
2023-11-18 12:57:09.619  INFO 21244 --- [main] .s.d.r.c.RepositoryConfigurationDelegate : Bootstrapping Spring Data JPA repositories in DEFAULT mode.
2023-11-18 12:57:09.645  INFO 21244 --- [main] .s.d.r.c.RepositoryConfigurationDelegate : Finished Spring Data repository scanning in 11 ms. Found 0 JPA repository interfaces.
2023-11-18 12:57:11.363  INFO 21244 --- [main] o.s.b.w.embedded.tomcat.TomcatWebServer  : Tomcat initialized with port(s): 8401 (http)
2023-11-18 12:57:11.396  INFO 21244 --- [main] o.apache.catalina.core.StandardService   : Starting service [Tomcat]
2023-11-18 12:57:11.397  INFO 21244 --- [main] org.apache.catalina.core.StandardEngine  : Starting Servlet engine: [Apache Tomcat/9.0.39]
2023-11-18 12:57:12.072  INFO 21244 --- [main] o.a.c.c.C.[Tomcat].[localhost].[/]       : Initializing Spring embedded WebApplicationContext
2023-11-18 12:57:12.073  INFO 21244 --- [main] w.s.c.ServletWebServerApplicationContext : Root WebApplicationContext: initialization completed in 3638 ms
2023-11-18 12:57:12.578  INFO 21244 --- [main] o.hibernate.jpa.internal.util.LogHelper  : HHH000204: Processing PersistenceUnitInfo [name: docs]
2023-11-18 12:57:12.765  INFO 21244 --- [main] org.hibernate.Version                    : HHH000412: Hibernate ORM core version 5.4.23.Final
2023-11-18 12:57:13.214  INFO 21244 --- [main] o.hibernate.annotations.common.Version   : HCANN000001: Hibernate Commons Annotations {5.1.2.Final}
2023-11-18 12:57:13.578  INFO 21244 --- [main] com.zaxxer.hikari.HikariDataSource       : HikariPool-1 - Starting...
2023-11-18 12:57:14.733  INFO 21244 --- [main] com.zaxxer.hikari.HikariDataSource       : HikariPool-1 - Start completed.
2023-11-18 12:57:14.809  INFO 21244 --- [main] org.hibernate.dialect.Dialect            : HHH000400: Using dialect: org.hibernate.dialect.Oracle12cDialect
2023-11-18 12:57:16.843  INFO 21244 --- [main] o.h.e.t.j.p.i.JtaPlatformInitiator       : HHH000490: Using JtaPlatform implementation: [org.hibernate.engine.transaction.jta.platform.internal.NoJtaPlatform]
2023-11-18 12:57:16.877  INFO 21244 --- [main] j.LocalContainerEntityManagerFactoryBean : Initialized JPA EntityManagerFactory for persistence unit 'docs'
2023-11-18 12:57:18.020  WARN 21244 --- [main] JpaBaseConfiguration$JpaWebConfiguration : spring.jpa.open-in-view is enabled by default. Therefore, database queries may be performed during view rendering. Explicitly configure spring.jpa.open-in-view to disable this warning
2023-11-18 12:57:18.186  INFO 21244 --- [main] o.s.s.concurrent.ThreadPoolTaskExecutor  : Initializing ExecutorService 'applicationTaskExecutor'
2023-11-18 12:57:19.129  INFO 21244 --- [main] o.s.s.c.ThreadPoolTaskScheduler          : Initializing ExecutorService 'taskScheduler'
2023-11-18 12:57:19.165  INFO 21244 --- [main] o.s.b.a.e.web.EndpointLinksResolver      : Exposing 2 endpoint(s) beneath base path '/actuator'
2023-11-18 12:57:19.276  INFO 21244 --- [main] o.s.b.w.embedded.tomcat.TomcatWebServer  : Tomcat started on port(s): 8401 (http) with context path ''
2023-11-18 12:57:19.313  INFO 21244 --- [main] c.s.docs.DocsIntegrationApplication      : Started DocsIntegrationApplication in 12.263 seconds (JVM running for 15.092)
2023-11-18 12:57:19.317  INFO 21244 --- [task-1] c.s.docs.service.ClaimsInvLines          : Start UAP Create Documents
2023-11-18 12:57:21.056  INFO 21244 --- [RMI TCP Connection(3)-10.80.235.130] o.a.c.c.C.[Tomcat].[localhost].[/]       : Initializing Spring DispatcherServlet 'dispatcherServlet'
2023-11-18 12:57:21.057  INFO 21244 --- [RMI TCP Connection(3)-10.80.235.130] o.s.web.servlet.DispatcherServlet        : Initializing Servlet 'dispatcherServlet'
2023-11-18 12:57:21.060  INFO 21244 --- [RMI TCP Connection(3)-10.80.235.130] o.s.web.servlet.DispatcherServlet        : Completed initialization in 3 ms
2023-11-18 12:57:22.330  INFO 21244 --- [task-1] c.s.docs.service.ClaimsInvLines          : ****************** CLAIMS FOUND READY TO GENERATE THE DOCUMENTS----------[151]
2023-11-18 12:57:24.987  INFO 21244 --- [task-1] c.s.docs.service.ClaimsInvLines          : ****************** GENERATING PDF DOCUMENR****************
2023-11-18 12:57:33.073  INFO 21244 --- [task-1] c.s.docs.service.ClaimsInvLines          : ****************** GENERATING PDF DOCUMENR****************
2023-11-18 12:57:33.563  INFO 21244 --- [task-1] c.s.docs.service.ClaimsInvLines          : ****************** SENDING THE PDF TO SHAREPOINT ****************
2023-11-18 12:57:37.218  INFO 21244 --- [task-1] c.s.docs.service.ClaimsInvLines          : {UploadSmartDocumentUgandaResult=138015501}
2023-11-18 12:57:37.220  INFO 21244 --- [task-1] c.s.docs.service.ClaimsInvLines          : ****************** BARCODE SHARED ****************
2023-11-18 12:57:42.107  INFO 21244 --- [SpringContextShutdownHook] o.s.s.c.ThreadPoolTaskScheduler          : Shutting down ExecutorService 'taskScheduler'
2023-11-18 12:57:42.112  INFO 21244 --- [SpringContextShutdownHook] o.s.s.concurrent.ThreadPoolTaskExecutor  : Shutting down ExecutorService 'applicationTaskExecutor'
2023-11-18 12:57:42.147  INFO 21244 --- [SpringContextShutdownHook] j.LocalContainerEntityManagerFactoryBean : Closing JPA EntityManagerFactory for persistence unit 'docs'
2023-11-18 12:57:42.149  INFO 21244 --- [SpringContextShutdownHook] com.zaxxer.hikari.HikariDataSource       : HikariPool-1 - Shutdown initiated...
2023-11-18 12:57:42.353  INFO 21244 --- [SpringContextShutdownHook] com.zaxxer.hikari.HikariDataSource       : HikariPool-1 - Shutdown completed.
