2023-04-16 15:57:10.320  INFO 45316 --- [main] c.s.docs.DocsIntegrationApplication      : Starting DocsIntegrationApplication using Java 11.0.15.1 on LP-TECH-0VMQ with PID 45316 (C:\Users\lamech.ngeno\Documents\SMART-PROJECTS\NewFiles\edi-doc-integration-ug\target\classes started by lamech.ngeno in C:\Users\lamech.ngeno\Documents\SMART-PROJECTS\NewFiles\edi-doc-integration-ug)
2023-04-16 15:57:10.354  INFO 45316 --- [main] c.s.docs.DocsIntegrationApplication      : The following profiles are active: qa
2023-04-16 15:57:12.222  INFO 45316 --- [main] .s.d.r.c.RepositoryConfigurationDelegate : Bootstrapping Spring Data JPA repositories in DEFAULT mode.
2023-04-16 15:57:12.258  INFO 45316 --- [main] .s.d.r.c.RepositoryConfigurationDelegate : Finished Spring Data repository scanning in 18 ms. Found 0 JPA repository interfaces.
2023-04-16 15:57:15.191  INFO 45316 --- [main] o.s.b.w.embedded.tomcat.TomcatWebServer  : Tomcat initialized with port(s): 8401 (http)
2023-04-16 15:57:15.208  INFO 45316 --- [main] o.apache.catalina.core.StandardService   : Starting service [Tomcat]
2023-04-16 15:57:15.208  INFO 45316 --- [main] org.apache.catalina.core.StandardEngine  : Starting Servlet engine: [Apache Tomcat/9.0.39]
2023-04-16 15:57:15.624  INFO 45316 --- [main] o.a.c.c.C.[Tomcat].[localhost].[/]       : Initializing Spring embedded WebApplicationContext
2023-04-16 15:57:15.624  INFO 45316 --- [main] w.s.c.ServletWebServerApplicationContext : Root WebApplicationContext: initialization completed in 5131 ms
2023-04-16 15:57:16.251  INFO 45316 --- [main] o.hibernate.jpa.internal.util.LogHelper  : HHH000204: Processing PersistenceUnitInfo [name: docs]
2023-04-16 15:57:16.368  INFO 45316 --- [main] org.hibernate.Version                    : HHH000412: Hibernate ORM core version 5.4.23.Final
2023-04-16 15:57:16.677  INFO 45316 --- [main] o.hibernate.annotations.common.Version   : HCANN000001: Hibernate Commons Annotations {5.1.2.Final}
2023-04-16 15:57:17.052  INFO 45316 --- [main] com.zaxxer.hikari.HikariDataSource       : HikariPool-1 - Starting...
2023-04-16 15:57:17.983  INFO 45316 --- [main] com.zaxxer.hikari.HikariDataSource       : HikariPool-1 - Start completed.
2023-04-16 15:57:18.031  INFO 45316 --- [main] org.hibernate.dialect.Dialect            : HHH000400: Using dialect: org.hibernate.dialect.Oracle12cDialect
2023-04-16 15:57:19.479  INFO 45316 --- [main] o.h.e.t.j.p.i.JtaPlatformInitiator       : HHH000490: Using JtaPlatform implementation: [org.hibernate.engine.transaction.jta.platform.internal.NoJtaPlatform]
2023-04-16 15:57:19.494  INFO 45316 --- [main] j.LocalContainerEntityManagerFactoryBean : Initialized JPA EntityManagerFactory for persistence unit 'docs'
2023-04-16 15:57:20.431  WARN 45316 --- [main] JpaBaseConfiguration$JpaWebConfiguration : spring.jpa.open-in-view is enabled by default. Therefore, database queries may be performed during view rendering. Explicitly configure spring.jpa.open-in-view to disable this warning
2023-04-16 15:57:20.568  INFO 45316 --- [main] o.s.s.concurrent.ThreadPoolTaskExecutor  : Initializing ExecutorService 'applicationTaskExecutor'
2023-04-16 15:57:21.131  INFO 45316 --- [main] o.s.s.c.ThreadPoolTaskScheduler          : Initializing ExecutorService 'taskScheduler'
2023-04-16 15:57:21.161  INFO 45316 --- [main] o.s.b.a.e.web.EndpointLinksResolver      : Exposing 2 endpoint(s) beneath base path '/actuator'
2023-04-16 15:57:21.284  INFO 45316 --- [main] o.s.b.w.embedded.tomcat.TomcatWebServer  : Tomcat started on port(s): 8401 (http) with context path ''
2023-04-16 15:57:21.319  INFO 45316 --- [main] c.s.docs.DocsIntegrationApplication      : Started DocsIntegrationApplication in 12.164 seconds (JVM running for 13.618)
2023-04-16 15:57:21.332  INFO 45316 --- [task-1] c.s.docs.service.ClaimsInvLines          : Start UAP Create Documents
2023-04-16 15:57:24.847  INFO 45316 --- [task-1] c.s.docs.service.ClaimsInvLines          : ****************** CLAIMS FOUND READY TO GENERATE THE DOCUMENTS----------[0]
2023-04-16 15:57:24.848  INFO 45316 --- [task-1] c.s.docs.service.ClaimsInvLines          : End UAP Create Documents
